{
  "D:\\web\\Studying\\RS School\\RS SCHOOL (React course)\\react-components\\src\\processes\\store\\searchTextSlice.tsx": {
    "path": "D:\\web\\Studying\\RS School\\RS SCHOOL (React course)\\react-components\\src\\processes\\store\\searchTextSlice.tsx",
    "statementMap": {
      "0": {
        "start": {
          "line": 3,
          "column": 24
        },
        "end": {
          "line": 13,
          "column": 2
        }
      },
      "1": {
        "start": {
          "line": 10,
          "column": 6
        },
        "end": {
          "line": 10,
          "column": 45
        }
      },
      "2": {
        "start": {
          "line": 15,
          "column": 34
        },
        "end": {
          "line": 15,
          "column": 57
        }
      }
    },
    "fnMap": {
      "0": {
        "name": "(anonymous_0)",
        "decl": {
          "start": {
            "line": 9,
            "column": 4
          },
          "end": {
            "line": 9,
            "column": 5
          }
        },
        "loc": {
          "start": {
            "line": 9,
            "column": 34
          },
          "end": {
            "line": 11,
            "column": 5
          }
        },
        "line": 9
      }
    },
    "branchMap": {},
    "s": {
      "0": 113,
      "1": 63,
      "2": 113
    },
    "f": {
      "0": 63
    },
    "b": {},
    "_coverageSchema": "1a1c01bbd47fc00a2c39e90264f33305004495a9",
    "hash": "40481dd1a719ab8174f60764a766e6fc65f440eb"
  },
  "D:\\web\\Studying\\RS School\\RS SCHOOL (React course)\\react-components\\src\\processes\\store\\cardIdSlice.tsx": {
    "path": "D:\\web\\Studying\\RS School\\RS SCHOOL (React course)\\react-components\\src\\processes\\store\\cardIdSlice.tsx",
    "statementMap": {
      "0": {
        "start": {
          "line": 3,
          "column": 20
        },
        "end": {
          "line": 13,
          "column": 2
        }
      },
      "1": {
        "start": {
          "line": 10,
          "column": 6
        },
        "end": {
          "line": 10,
          "column": 39
        }
      },
      "2": {
        "start": {
          "line": 15,
          "column": 34
        },
        "end": {
          "line": 15,
          "column": 53
        }
      }
    },
    "fnMap": {
      "0": {
        "name": "(anonymous_0)",
        "decl": {
          "start": {
            "line": 9,
            "column": 4
          },
          "end": {
            "line": 9,
            "column": 5
          }
        },
        "loc": {
          "start": {
            "line": 9,
            "column": 34
          },
          "end": {
            "line": 11,
            "column": 5
          }
        },
        "line": 9
      }
    },
    "branchMap": {},
    "s": {
      "0": 113,
      "1": 24,
      "2": 113
    },
    "f": {
      "0": 24
    },
    "b": {},
    "_coverageSchema": "1a1c01bbd47fc00a2c39e90264f33305004495a9",
    "hash": "a1df2c6efecee65103dc5b4d6f847d8398023bf5"
  },
  "D:\\web\\Studying\\RS School\\RS SCHOOL (React course)\\react-components\\src\\processes\\store\\usersSlice.tsx": {
    "path": "D:\\web\\Studying\\RS School\\RS SCHOOL (React course)\\react-components\\src\\processes\\store\\usersSlice.tsx",
    "statementMap": {
      "0": {
        "start": {
          "line": 8,
          "column": 19
        },
        "end": {
          "line": 18,
          "column": 2
        }
      },
      "1": {
        "start": {
          "line": 15,
          "column": 6
        },
        "end": {
          "line": 15,
          "column": 44
        }
      },
      "2": {
        "start": {
          "line": 20,
          "column": 28
        },
        "end": {
          "line": 20,
          "column": 46
        }
      }
    },
    "fnMap": {
      "0": {
        "name": "(anonymous_0)",
        "decl": {
          "start": {
            "line": 14,
            "column": 4
          },
          "end": {
            "line": 14,
            "column": 5
          }
        },
        "loc": {
          "start": {
            "line": 14,
            "column": 35
          },
          "end": {
            "line": 16,
            "column": 5
          }
        },
        "line": 14
      }
    },
    "branchMap": {},
    "s": {
      "0": 113,
      "1": 3,
      "2": 113
    },
    "f": {
      "0": 3
    },
    "b": {},
    "_coverageSchema": "1a1c01bbd47fc00a2c39e90264f33305004495a9",
    "hash": "b0fd133276c4397dbb2d7d6e39f4dd4f0e1526c2"
  },
  "D:\\web\\Studying\\RS School\\RS SCHOOL (React course)\\react-components\\src\\processes\\store\\cardsApi.tsx": {
    "path": "D:\\web\\Studying\\RS School\\RS SCHOOL (React course)\\react-components\\src\\processes\\store\\cardsApi.tsx",
    "statementMap": {
      "0": {
        "start": {
          "line": 6,
          "column": 24
        },
        "end": {
          "line": 20,
          "column": 2
        }
      },
      "1": {
        "start": {
          "line": 11,
          "column": 25
        },
        "end": {
          "line": 19,
          "column": 3
        }
      },
      "2": {
        "start": {
          "line": 14,
          "column": 8
        },
        "end": {
          "line": 14,
          "column": 126
        }
      },
      "3": {
        "start": {
          "line": 17,
          "column": 21
        },
        "end": {
          "line": 17,
          "column": 90
        }
      },
      "4": {
        "start": {
          "line": 22,
          "column": 58
        },
        "end": {
          "line": 22,
          "column": 66
        }
      }
    },
    "fnMap": {
      "0": {
        "name": "(anonymous_0)",
        "decl": {
          "start": {
            "line": 11,
            "column": 13
          },
          "end": {
            "line": 11,
            "column": 14
          }
        },
        "loc": {
          "start": {
            "line": 11,
            "column": 25
          },
          "end": {
            "line": 19,
            "column": 3
          }
        },
        "line": 11
      },
      "1": {
        "name": "(anonymous_1)",
        "decl": {
          "start": {
            "line": 13,
            "column": 13
          },
          "end": {
            "line": 13,
            "column": 14
          }
        },
        "loc": {
          "start": {
            "line": 14,
            "column": 8
          },
          "end": {
            "line": 14,
            "column": 126
          }
        },
        "line": 14
      },
      "2": {
        "name": "(anonymous_2)",
        "decl": {
          "start": {
            "line": 17,
            "column": 13
          },
          "end": {
            "line": 17,
            "column": 14
          }
        },
        "loc": {
          "start": {
            "line": 17,
            "column": 21
          },
          "end": {
            "line": 17,
            "column": 90
          }
        },
        "line": 17
      }
    },
    "branchMap": {
      "0": {
        "loc": {
          "start": {
            "line": 13,
            "column": 14
          },
          "end": {
            "line": 13,
            "column": 29
          }
        },
        "type": "default-arg",
        "locations": [
          {
            "start": {
              "line": 13,
              "column": 21
            },
            "end": {
              "line": 13,
              "column": 29
            }
          }
        ],
        "line": 13
      }
    },
    "s": {
      "0": 113,
      "1": 113,
      "2": 94,
      "3": 92,
      "4": 113
    },
    "f": {
      "0": 113,
      "1": 94,
      "2": 92
    },
    "b": {
      "0": [
        0
      ]
    },
    "_coverageSchema": "1a1c01bbd47fc00a2c39e90264f33305004495a9",
    "hash": "b1707c47b532cbd8abb1478751b46b16d48843ab"
  },
  "D:\\web\\Studying\\RS School\\RS SCHOOL (React course)\\react-components\\src\\processes\\store\\index.tsx": {
    "path": "D:\\web\\Studying\\RS School\\RS SCHOOL (React course)\\react-components\\src\\processes\\store\\index.tsx",
    "statementMap": {
      "0": {
        "start": {
          "line": 7,
          "column": 21
        },
        "end": {
          "line": 15,
          "column": 2
        }
      },
      "1": {
        "start": {
          "line": 14,
          "column": 40
        },
        "end": {
          "line": 14,
          "column": 90
        }
      }
    },
    "fnMap": {
      "0": {
        "name": "(anonymous_0)",
        "decl": {
          "start": {
            "line": 14,
            "column": 14
          },
          "end": {
            "line": 14,
            "column": 15
          }
        },
        "loc": {
          "start": {
            "line": 14,
            "column": 40
          },
          "end": {
            "line": 14,
            "column": 90
          }
        },
        "line": 14
      }
    },
    "branchMap": {},
    "s": {
      "0": 113,
      "1": 113
    },
    "f": {
      "0": 113
    },
    "b": {},
    "_coverageSchema": "1a1c01bbd47fc00a2c39e90264f33305004495a9",
    "hash": "cd9ad947c048c6014b458393e8dba561f1d5fe88"
  },
  "D:\\web\\Studying\\RS School\\RS SCHOOL (React course)\\react-components\\src\\pages\\about-page\\about.tsx": {
    "path": "D:\\web\\Studying\\RS School\\RS SCHOOL (React course)\\react-components\\src\\pages\\about-page\\about.tsx",
    "statementMap": {
      "0": {
        "start": {
          "line": 3,
          "column": 14
        },
        "end": {
          "line": 11,
          "column": 1
        }
      },
      "1": {
        "start": {
          "line": 4,
          "column": 2
        },
        "end": {
          "line": 10,
          "column": 4
        }
      }
    },
    "fnMap": {
      "0": {
        "name": "(anonymous_0)",
        "decl": {
          "start": {
            "line": 3,
            "column": 14
          },
          "end": {
            "line": 3,
            "column": 15
          }
        },
        "loc": {
          "start": {
            "line": 3,
            "column": 20
          },
          "end": {
            "line": 11,
            "column": 1
          }
        },
        "line": 3
      }
    },
    "branchMap": {},
    "s": {
      "0": 113,
      "1": 37
    },
    "f": {
      "0": 37
    },
    "b": {},
    "_coverageSchema": "1a1c01bbd47fc00a2c39e90264f33305004495a9",
    "hash": "9651b7084d6aa845bee59ade47b18af7004fb5f1"
  },
  "D:\\web\\Studying\\RS School\\RS SCHOOL (React course)\\react-components\\src\\pages\\error-page\\error.tsx": {
    "path": "D:\\web\\Studying\\RS School\\RS SCHOOL (React course)\\react-components\\src\\pages\\error-page\\error.tsx",
    "statementMap": {
      "0": {
        "start": {
          "line": 3,
          "column": 14
        },
        "end": {
          "line": 5,
          "column": 1
        }
      },
      "1": {
        "start": {
          "line": 4,
          "column": 2
        },
        "end": {
          "line": 4,
          "column": 99
        }
      }
    },
    "fnMap": {
      "0": {
        "name": "(anonymous_0)",
        "decl": {
          "start": {
            "line": 3,
            "column": 14
          },
          "end": {
            "line": 3,
            "column": 15
          }
        },
        "loc": {
          "start": {
            "line": 3,
            "column": 20
          },
          "end": {
            "line": 5,
            "column": 1
          }
        },
        "line": 3
      }
    },
    "branchMap": {},
    "s": {
      "0": 113,
      "1": 30
    },
    "f": {
      "0": 30
    },
    "b": {},
    "_coverageSchema": "1a1c01bbd47fc00a2c39e90264f33305004495a9",
    "hash": "0f39d3158c9e3e43a9a7fe5596d39b5a41a4b757"
  },
  "D:\\web\\Studying\\RS School\\RS SCHOOL (React course)\\react-components\\src\\entities\\loader\\preloader.tsx": {
    "path": "D:\\web\\Studying\\RS School\\RS SCHOOL (React course)\\react-components\\src\\entities\\loader\\preloader.tsx",
    "statementMap": {
      "0": {
        "start": {
          "line": 4,
          "column": 18
        },
        "end": {
          "line": 10,
          "column": 1
        }
      },
      "1": {
        "start": {
          "line": 5,
          "column": 2
        },
        "end": {
          "line": 9,
          "column": 4
        }
      }
    },
    "fnMap": {
      "0": {
        "name": "(anonymous_0)",
        "decl": {
          "start": {
            "line": 4,
            "column": 18
          },
          "end": {
            "line": 4,
            "column": 19
          }
        },
        "loc": {
          "start": {
            "line": 4,
            "column": 24
          },
          "end": {
            "line": 10,
            "column": 1
          }
        },
        "line": 4
      }
    },
    "branchMap": {},
    "s": {
      "0": 113,
      "1": 372
    },
    "f": {
      "0": 372
    },
    "b": {},
    "_coverageSchema": "1a1c01bbd47fc00a2c39e90264f33305004495a9",
    "hash": "60072084a315cf8aa952e460a24b2dcb889db1e2"
  },
  "D:\\web\\Studying\\RS School\\RS SCHOOL (React course)\\react-components\\src\\widgets\\cards\\cards.tsx": {
    "path": "D:\\web\\Studying\\RS School\\RS SCHOOL (React course)\\react-components\\src\\widgets\\cards\\cards.tsx",
    "statementMap": {
      "0": {
        "start": {
          "line": 8,
          "column": 14
        },
        "end": {
          "line": 46,
          "column": 1
        }
      },
      "1": {
        "start": {
          "line": 9,
          "column": 31
        },
        "end": {
          "line": 9,
          "column": 60
        }
      },
      "2": {
        "start": {
          "line": 10,
          "column": 19
        },
        "end": {
          "line": 10,
          "column": 32
        }
      },
      "3": {
        "start": {
          "line": 11,
          "column": 28
        },
        "end": {
          "line": 11,
          "column": 76
        }
      },
      "4": {
        "start": {
          "line": 11,
          "column": 44
        },
        "end": {
          "line": 11,
          "column": 76
        }
      },
      "5": {
        "start": {
          "line": 13,
          "column": 37
        },
        "end": {
          "line": 15,
          "column": 3
        }
      },
      "6": {
        "start": {
          "line": 17,
          "column": 2
        },
        "end": {
          "line": 17,
          "column": 39
        }
      },
      "7": {
        "start": {
          "line": 17,
          "column": 18
        },
        "end": {
          "line": 17,
          "column": 39
        }
      },
      "8": {
        "start": {
          "line": 19,
          "column": 2
        },
        "end": {
          "line": 45,
          "column": 4
        }
      },
      "9": {
        "start": {
          "line": 23,
          "column": 10
        },
        "end": {
          "line": 41,
          "column": 12
        }
      },
      "10": {
        "start": {
          "line": 30,
          "column": 16
        },
        "end": {
          "line": 30,
          "column": 38
        }
      },
      "11": {
        "start": {
          "line": 31,
          "column": 16
        },
        "end": {
          "line": 31,
          "column": 43
        }
      },
      "12": {
        "start": {
          "line": 32,
          "column": 16
        },
        "end": {
          "line": 32,
          "column": 85
        }
      }
    },
    "fnMap": {
      "0": {
        "name": "(anonymous_0)",
        "decl": {
          "start": {
            "line": 8,
            "column": 14
          },
          "end": {
            "line": 8,
            "column": 15
          }
        },
        "loc": {
          "start": {
            "line": 8,
            "column": 32
          },
          "end": {
            "line": 46,
            "column": 1
          }
        },
        "line": 8
      },
      "1": {
        "name": "(anonymous_1)",
        "decl": {
          "start": {
            "line": 11,
            "column": 28
          },
          "end": {
            "line": 11,
            "column": 29
          }
        },
        "loc": {
          "start": {
            "line": 11,
            "column": 44
          },
          "end": {
            "line": 11,
            "column": 76
          }
        },
        "line": 11
      },
      "2": {
        "name": "(anonymous_2)",
        "decl": {
          "start": {
            "line": 22,
            "column": 27
          },
          "end": {
            "line": 22,
            "column": 28
          }
        },
        "loc": {
          "start": {
            "line": 22,
            "column": 78
          },
          "end": {
            "line": 42,
            "column": 9
          }
        },
        "line": 22
      },
      "3": {
        "name": "(anonymous_3)",
        "decl": {
          "start": {
            "line": 29,
            "column": 23
          },
          "end": {
            "line": 29,
            "column": 24
          }
        },
        "loc": {
          "start": {
            "line": 29,
            "column": 29
          },
          "end": {
            "line": 33,
            "column": 15
          }
        },
        "line": 29
      }
    },
    "branchMap": {
      "0": {
        "loc": {
          "start": {
            "line": 17,
            "column": 2
          },
          "end": {
            "line": 17,
            "column": 39
          }
        },
        "type": "if",
        "locations": [
          {
            "start": {
              "line": 17,
              "column": 2
            },
            "end": {
              "line": 17,
              "column": 39
            }
          },
          {
            "start": {},
            "end": {}
          }
        ],
        "line": 17
      },
      "1": {
        "loc": {
          "start": {
            "line": 39,
            "column": 48
          },
          "end": {
            "line": 39,
            "column": 78
          }
        },
        "type": "binary-expr",
        "locations": [
          {
            "start": {
              "line": 39,
              "column": 48
            },
            "end": {
              "line": 39,
              "column": 59
            }
          },
          {
            "start": {
              "line": 39,
              "column": 63
            },
            "end": {
              "line": 39,
              "column": 78
            }
          }
        ],
        "line": 39
      }
    },
    "s": {
      "0": 113,
      "1": 339,
      "2": 339,
      "3": 339,
      "4": 24,
      "5": 339,
      "6": 339,
      "7": 188,
      "8": 151,
      "9": 4530,
      "10": 24,
      "11": 24,
      "12": 24
    },
    "f": {
      "0": 339,
      "1": 24,
      "2": 4530,
      "3": 24
    },
    "b": {
      "0": [
        188,
        151
      ],
      "1": [
        4530,
        1206
      ]
    },
    "_coverageSchema": "1a1c01bbd47fc00a2c39e90264f33305004495a9",
    "hash": "31af86c7289495b81cb9cd59be8b905316f86f46"
  },
  "D:\\web\\Studying\\RS School\\RS SCHOOL (React course)\\react-components\\src\\widgets\\search-input\\utils\\utils.tsx": {
    "path": "D:\\web\\Studying\\RS School\\RS SCHOOL (React course)\\react-components\\src\\widgets\\search-input\\utils\\utils.tsx",
    "statementMap": {
      "0": {
        "start": {
          "line": 5,
          "column": 20
        },
        "end": {
          "line": 19,
          "column": 1
        }
      },
      "1": {
        "start": {
          "line": 6,
          "column": 21
        },
        "end": {
          "line": 6,
          "column": 34
        }
      },
      "2": {
        "start": {
          "line": 7,
          "column": 19
        },
        "end": {
          "line": 7,
          "column": 32
        }
      },
      "3": {
        "start": {
          "line": 9,
          "column": 2
        },
        "end": {
          "line": 14,
          "column": 17
        }
      },
      "4": {
        "start": {
          "line": 10,
          "column": 29
        },
        "end": {
          "line": 10,
          "column": 81
        }
      },
      "5": {
        "start": {
          "line": 10,
          "column": 47
        },
        "end": {
          "line": 10,
          "column": 81
        }
      },
      "6": {
        "start": {
          "line": 11,
          "column": 4
        },
        "end": {
          "line": 13,
          "column": 6
        }
      },
      "7": {
        "start": {
          "line": 12,
          "column": 6
        },
        "end": {
          "line": 12,
          "column": 43
        }
      },
      "8": {
        "start": {
          "line": 16,
          "column": 2
        },
        "end": {
          "line": 18,
          "column": 14
        }
      },
      "9": {
        "start": {
          "line": 17,
          "column": 4
        },
        "end": {
          "line": 17,
          "column": 31
        }
      }
    },
    "fnMap": {
      "0": {
        "name": "(anonymous_0)",
        "decl": {
          "start": {
            "line": 5,
            "column": 20
          },
          "end": {
            "line": 5,
            "column": 21
          }
        },
        "loc": {
          "start": {
            "line": 5,
            "column": 39
          },
          "end": {
            "line": 19,
            "column": 1
          }
        },
        "line": 5
      },
      "1": {
        "name": "(anonymous_1)",
        "decl": {
          "start": {
            "line": 9,
            "column": 12
          },
          "end": {
            "line": 9,
            "column": 13
          }
        },
        "loc": {
          "start": {
            "line": 9,
            "column": 18
          },
          "end": {
            "line": 14,
            "column": 3
          }
        },
        "line": 9
      },
      "2": {
        "name": "(anonymous_2)",
        "decl": {
          "start": {
            "line": 10,
            "column": 29
          },
          "end": {
            "line": 10,
            "column": 30
          }
        },
        "loc": {
          "start": {
            "line": 10,
            "column": 47
          },
          "end": {
            "line": 10,
            "column": 81
          }
        },
        "line": 10
      },
      "3": {
        "name": "(anonymous_3)",
        "decl": {
          "start": {
            "line": 11,
            "column": 11
          },
          "end": {
            "line": 11,
            "column": 12
          }
        },
        "loc": {
          "start": {
            "line": 11,
            "column": 17
          },
          "end": {
            "line": 13,
            "column": 5
          }
        },
        "line": 11
      },
      "4": {
        "name": "(anonymous_4)",
        "decl": {
          "start": {
            "line": 16,
            "column": 12
          },
          "end": {
            "line": 16,
            "column": 13
          }
        },
        "loc": {
          "start": {
            "line": 16,
            "column": 18
          },
          "end": {
            "line": 18,
            "column": 3
          }
        },
        "line": 16
      }
    },
    "branchMap": {},
    "s": {
      "0": 113,
      "1": 301,
      "2": 301,
      "3": 301,
      "4": 101,
      "5": 37,
      "6": 101,
      "7": 37,
      "8": 301,
      "9": 194
    },
    "f": {
      "0": 301,
      "1": 101,
      "2": 37,
      "3": 37,
      "4": 194
    },
    "b": {},
    "_coverageSchema": "1a1c01bbd47fc00a2c39e90264f33305004495a9",
    "hash": "0be2d083cbcf354f32a7eeb598b5974113f3e78c"
  },
  "D:\\web\\Studying\\RS School\\RS SCHOOL (React course)\\react-components\\src\\widgets\\search-input\\search.tsx": {
    "path": "D:\\web\\Studying\\RS School\\RS SCHOOL (React course)\\react-components\\src\\widgets\\search-input\\search.tsx",
    "statementMap": {
      "0": {
        "start": {
          "line": 9,
          "column": 15
        },
        "end": {
          "line": 35,
          "column": 1
        }
      },
      "1": {
        "start": {
          "line": 10,
          "column": 38
        },
        "end": {
          "line": 10,
          "column": 58
        }
      },
      "2": {
        "start": {
          "line": 11,
          "column": 21
        },
        "end": {
          "line": 11,
          "column": 84
        }
      },
      "3": {
        "start": {
          "line": 11,
          "column": 56
        },
        "end": {
          "line": 11,
          "column": 83
        }
      },
      "4": {
        "start": {
          "line": 13,
          "column": 2
        },
        "end": {
          "line": 15,
          "column": 19
        }
      },
      "5": {
        "start": {
          "line": 14,
          "column": 4
        },
        "end": {
          "line": 14,
          "column": 36
        }
      },
      "6": {
        "start": {
          "line": 17,
          "column": 2
        },
        "end": {
          "line": 17,
          "column": 26
        }
      },
      "7": {
        "start": {
          "line": 19,
          "column": 2
        },
        "end": {
          "line": 34,
          "column": 4
        }
      },
      "8": {
        "start": {
          "line": 24,
          "column": 25
        },
        "end": {
          "line": 24,
          "column": 54
        }
      },
      "9": {
        "start": {
          "line": 26,
          "column": 10
        },
        "end": {
          "line": 28,
          "column": 11
        }
      },
      "10": {
        "start": {
          "line": 27,
          "column": 12
        },
        "end": {
          "line": 27,
          "column": 39
        }
      }
    },
    "fnMap": {
      "0": {
        "name": "(anonymous_0)",
        "decl": {
          "start": {
            "line": 9,
            "column": 15
          },
          "end": {
            "line": 9,
            "column": 16
          }
        },
        "loc": {
          "start": {
            "line": 9,
            "column": 33
          },
          "end": {
            "line": 35,
            "column": 1
          }
        },
        "line": 9
      },
      "1": {
        "name": "(anonymous_1)",
        "decl": {
          "start": {
            "line": 11,
            "column": 33
          },
          "end": {
            "line": 11,
            "column": 34
          }
        },
        "loc": {
          "start": {
            "line": 11,
            "column": 56
          },
          "end": {
            "line": 11,
            "column": 83
          }
        },
        "line": 11
      },
      "2": {
        "name": "(anonymous_2)",
        "decl": {
          "start": {
            "line": 13,
            "column": 12
          },
          "end": {
            "line": 13,
            "column": 13
          }
        },
        "loc": {
          "start": {
            "line": 13,
            "column": 18
          },
          "end": {
            "line": 15,
            "column": 3
          }
        },
        "line": 13
      },
      "3": {
        "name": "(anonymous_3)",
        "decl": {
          "start": {
            "line": 24,
            "column": 18
          },
          "end": {
            "line": 24,
            "column": 19
          }
        },
        "loc": {
          "start": {
            "line": 24,
            "column": 25
          },
          "end": {
            "line": 24,
            "column": 54
          }
        },
        "line": 24
      },
      "4": {
        "name": "(anonymous_4)",
        "decl": {
          "start": {
            "line": 25,
            "column": 17
          },
          "end": {
            "line": 25,
            "column": 18
          }
        },
        "loc": {
          "start": {
            "line": 25,
            "column": 24
          },
          "end": {
            "line": 29,
            "column": 9
          }
        },
        "line": 25
      }
    },
    "branchMap": {
      "0": {
        "loc": {
          "start": {
            "line": 14,
            "column": 18
          },
          "end": {
            "line": 14,
            "column": 34
          }
        },
        "type": "binary-expr",
        "locations": [
          {
            "start": {
              "line": 14,
              "column": 18
            },
            "end": {
              "line": 14,
              "column": 28
            }
          },
          {
            "start": {
              "line": 14,
              "column": 32
            },
            "end": {
              "line": 14,
              "column": 34
            }
          }
        ],
        "line": 14
      },
      "1": {
        "loc": {
          "start": {
            "line": 26,
            "column": 10
          },
          "end": {
            "line": 28,
            "column": 11
          }
        },
        "type": "if",
        "locations": [
          {
            "start": {
              "line": 26,
              "column": 10
            },
            "end": {
              "line": 28,
              "column": 11
            }
          },
          {
            "start": {},
            "end": {}
          }
        ],
        "line": 26
      }
    },
    "s": {
      "0": 113,
      "1": 301,
      "2": 301,
      "3": 940,
      "4": 301,
      "5": 127,
      "6": 301,
      "7": 301,
      "8": 93,
      "9": 119,
      "10": 26
    },
    "f": {
      "0": 301,
      "1": 940,
      "2": 127,
      "3": 93,
      "4": 119
    },
    "b": {
      "0": [
        127,
        101
      ],
      "1": [
        26,
        93
      ]
    },
    "_coverageSchema": "1a1c01bbd47fc00a2c39e90264f33305004495a9",
    "hash": "2007112c6419fa5b3be5a65e3cc09d4ff5375b98"
  },
  "D:\\web\\Studying\\RS School\\RS SCHOOL (React course)\\react-components\\src\\widgets\\modal\\UI\\svg.tsx": {
    "path": "D:\\web\\Studying\\RS School\\RS SCHOOL (React course)\\react-components\\src\\widgets\\modal\\UI\\svg.tsx",
    "statementMap": {
      "0": {
        "start": {
          "line": 4,
          "column": 12
        },
        "end": {
          "line": 24,
          "column": 1
        }
      },
      "1": {
        "start": {
          "line": 5,
          "column": 2
        },
        "end": {
          "line": 23,
          "column": 4
        }
      },
      "2": {
        "start": {
          "line": 12,
          "column": 8
        },
        "end": {
          "line": 12,
          "column": 30
        }
      },
      "3": {
        "start": {
          "line": 13,
          "column": 8
        },
        "end": {
          "line": 13,
          "column": 67
        }
      }
    },
    "fnMap": {
      "0": {
        "name": "(anonymous_0)",
        "decl": {
          "start": {
            "line": 4,
            "column": 12
          },
          "end": {
            "line": 4,
            "column": 13
          }
        },
        "loc": {
          "start": {
            "line": 4,
            "column": 91
          },
          "end": {
            "line": 24,
            "column": 1
          }
        },
        "line": 4
      },
      "1": {
        "name": "(anonymous_1)",
        "decl": {
          "start": {
            "line": 11,
            "column": 15
          },
          "end": {
            "line": 11,
            "column": 16
          }
        },
        "loc": {
          "start": {
            "line": 11,
            "column": 21
          },
          "end": {
            "line": 14,
            "column": 7
          }
        },
        "line": 11
      }
    },
    "branchMap": {},
    "s": {
      "0": 113,
      "1": 22,
      "2": 0,
      "3": 0
    },
    "f": {
      "0": 22,
      "1": 0
    },
    "b": {},
    "_coverageSchema": "1a1c01bbd47fc00a2c39e90264f33305004495a9",
    "hash": "80d8f31b8e61ed6433863ae1694b313f48ee13ba"
  },
  "D:\\web\\Studying\\RS School\\RS SCHOOL (React course)\\react-components\\src\\widgets\\modal\\modal-window.tsx": {
    "path": "D:\\web\\Studying\\RS School\\RS SCHOOL (React course)\\react-components\\src\\widgets\\modal\\modal-window.tsx",
    "statementMap": {
      "0": {
        "start": {
          "line": 13,
          "column": 14
        },
        "end": {
          "line": 49,
          "column": 1
        }
      },
      "1": {
        "start": {
          "line": 20,
          "column": 22
        },
        "end": {
          "line": 20,
          "column": 73
        }
      },
      "2": {
        "start": {
          "line": 20,
          "column": 53
        },
        "end": {
          "line": 20,
          "column": 72
        }
      },
      "3": {
        "start": {
          "line": 22,
          "column": 31
        },
        "end": {
          "line": 22,
          "column": 64
        }
      },
      "4": {
        "start": {
          "line": 24,
          "column": 2
        },
        "end": {
          "line": 24,
          "column": 39
        }
      },
      "5": {
        "start": {
          "line": 24,
          "column": 18
        },
        "end": {
          "line": 24,
          "column": 39
        }
      },
      "6": {
        "start": {
          "line": 26,
          "column": 2
        },
        "end": {
          "line": 48,
          "column": 4
        }
      },
      "7": {
        "start": {
          "line": 31,
          "column": 8
        },
        "end": {
          "line": 31,
          "column": 30
        }
      },
      "8": {
        "start": {
          "line": 32,
          "column": 8
        },
        "end": {
          "line": 32,
          "column": 67
        }
      },
      "9": {
        "start": {
          "line": 36,
          "column": 56
        },
        "end": {
          "line": 36,
          "column": 75
        }
      }
    },
    "fnMap": {
      "0": {
        "name": "(anonymous_0)",
        "decl": {
          "start": {
            "line": 13,
            "column": 14
          },
          "end": {
            "line": 13,
            "column": 15
          }
        },
        "loc": {
          "start": {
            "line": 19,
            "column": 6
          },
          "end": {
            "line": 49,
            "column": 1
          }
        },
        "line": 19
      },
      "1": {
        "name": "(anonymous_1)",
        "decl": {
          "start": {
            "line": 20,
            "column": 34
          },
          "end": {
            "line": 20,
            "column": 35
          }
        },
        "loc": {
          "start": {
            "line": 20,
            "column": 53
          },
          "end": {
            "line": 20,
            "column": 72
          }
        },
        "line": 20
      },
      "2": {
        "name": "(anonymous_2)",
        "decl": {
          "start": {
            "line": 30,
            "column": 15
          },
          "end": {
            "line": 30,
            "column": 16
          }
        },
        "loc": {
          "start": {
            "line": 30,
            "column": 21
          },
          "end": {
            "line": 33,
            "column": 7
          }
        },
        "line": 30
      },
      "3": {
        "name": "(anonymous_3)",
        "decl": {
          "start": {
            "line": 36,
            "column": 49
          },
          "end": {
            "line": 36,
            "column": 50
          }
        },
        "loc": {
          "start": {
            "line": 36,
            "column": 56
          },
          "end": {
            "line": 36,
            "column": 75
          }
        },
        "line": 36
      }
    },
    "branchMap": {
      "0": {
        "loc": {
          "start": {
            "line": 24,
            "column": 2
          },
          "end": {
            "line": 24,
            "column": 39
          }
        },
        "type": "if",
        "locations": [
          {
            "start": {
              "line": 24,
              "column": 2
            },
            "end": {
              "line": 24,
              "column": 39
            }
          },
          {
            "start": {},
            "end": {}
          }
        ],
        "line": 24
      },
      "1": {
        "loc": {
          "start": {
            "line": 28,
            "column": 17
          },
          "end": {
            "line": 28,
            "column": 50
          }
        },
        "type": "cond-expr",
        "locations": [
          {
            "start": {
              "line": 28,
              "column": 26
            },
            "end": {
              "line": 28,
              "column": 40
            }
          },
          {
            "start": {
              "line": 28,
              "column": 43
            },
            "end": {
              "line": 28,
              "column": 50
            }
          }
        ],
        "line": 28
      },
      "2": {
        "loc": {
          "start": {
            "line": 35,
            "column": 7
          },
          "end": {
            "line": 46,
            "column": 7
          }
        },
        "type": "binary-expr",
        "locations": [
          {
            "start": {
              "line": 35,
              "column": 7
            },
            "end": {
              "line": 35,
              "column": 11
            }
          },
          {
            "start": {
              "line": 35,
              "column": 15
            },
            "end": {
              "line": 35,
              "column": 22
            }
          },
          {
            "start": {
              "line": 36,
              "column": 8
            },
            "end": {
              "line": 45,
              "column": 14
            }
          }
        ],
        "line": 35
      }
    },
    "s": {
      "0": 113,
      "1": 333,
      "2": 965,
      "3": 333,
      "4": 333,
      "5": 184,
      "6": 149,
      "7": 0,
      "8": 0,
      "9": 0
    },
    "f": {
      "0": 333,
      "1": 965,
      "2": 0,
      "3": 0
    },
    "b": {
      "0": [
        184,
        149
      ],
      "1": [
        22,
        127
      ],
      "2": [
        149,
        149,
        22
      ]
    },
    "_coverageSchema": "1a1c01bbd47fc00a2c39e90264f33305004495a9",
    "hash": "6bc2ee34dc392922b908ff113b8c27f17c14e925"
  },
  "D:\\web\\Studying\\RS School\\RS SCHOOL (React course)\\react-components\\src\\pages\\main-page\\main.tsx": {
    "path": "D:\\web\\Studying\\RS School\\RS SCHOOL (React course)\\react-components\\src\\pages\\main-page\\main.tsx",
    "statementMap": {
      "0": {
        "start": {
          "line": 8,
          "column": 13
        },
        "end": {
          "line": 21,
          "column": 1
        }
      },
      "1": {
        "start": {
          "line": 9,
          "column": 19
        },
        "end": {
          "line": 9,
          "column": 32
        }
      },
      "2": {
        "start": {
          "line": 10,
          "column": 27
        },
        "end": {
          "line": 10,
          "column": 79
        }
      },
      "3": {
        "start": {
          "line": 10,
          "column": 45
        },
        "end": {
          "line": 10,
          "column": 79
        }
      },
      "4": {
        "start": {
          "line": 11,
          "column": 21
        },
        "end": {
          "line": 11,
          "column": 96
        }
      },
      "5": {
        "start": {
          "line": 11,
          "column": 56
        },
        "end": {
          "line": 11,
          "column": 83
        }
      },
      "6": {
        "start": {
          "line": 12,
          "column": 40
        },
        "end": {
          "line": 12,
          "column": 55
        }
      },
      "7": {
        "start": {
          "line": 14,
          "column": 2
        },
        "end": {
          "line": 20,
          "column": 4
        }
      }
    },
    "fnMap": {
      "0": {
        "name": "(anonymous_0)",
        "decl": {
          "start": {
            "line": 8,
            "column": 13
          },
          "end": {
            "line": 8,
            "column": 14
          }
        },
        "loc": {
          "start": {
            "line": 8,
            "column": 19
          },
          "end": {
            "line": 21,
            "column": 1
          }
        },
        "line": 8
      },
      "1": {
        "name": "(anonymous_1)",
        "decl": {
          "start": {
            "line": 10,
            "column": 27
          },
          "end": {
            "line": 10,
            "column": 28
          }
        },
        "loc": {
          "start": {
            "line": 10,
            "column": 45
          },
          "end": {
            "line": 10,
            "column": 79
          }
        },
        "line": 10
      },
      "2": {
        "name": "(anonymous_2)",
        "decl": {
          "start": {
            "line": 11,
            "column": 33
          },
          "end": {
            "line": 11,
            "column": 34
          }
        },
        "loc": {
          "start": {
            "line": 11,
            "column": 56
          },
          "end": {
            "line": 11,
            "column": 83
          }
        },
        "line": 11
      }
    },
    "branchMap": {
      "0": {
        "loc": {
          "start": {
            "line": 11,
            "column": 21
          },
          "end": {
            "line": 11,
            "column": 96
          }
        },
        "type": "binary-expr",
        "locations": [
          {
            "start": {
              "line": 11,
              "column": 21
            },
            "end": {
              "line": 11,
              "column": 84
            }
          },
          {
            "start": {
              "line": 11,
              "column": 88
            },
            "end": {
              "line": 11,
              "column": 96
            }
          }
        ],
        "line": 11
      }
    },
    "s": {
      "0": 113,
      "1": 177,
      "2": 177,
      "3": 26,
      "4": 177,
      "5": 730,
      "6": 177,
      "7": 177
    },
    "f": {
      "0": 177,
      "1": 26,
      "2": 730
    },
    "b": {
      "0": [
        177,
        101
      ]
    },
    "_coverageSchema": "1a1c01bbd47fc00a2c39e90264f33305004495a9",
    "hash": "e2a099fc72baeebdb4245eca1839b9033be31d5b"
  },
  "D:\\web\\Studying\\RS School\\RS SCHOOL (React course)\\react-components\\src\\widgets\\form\\form.tsx": {
    "path": "D:\\web\\Studying\\RS School\\RS SCHOOL (React course)\\react-components\\src\\widgets\\form\\form.tsx",
    "statementMap": {
      "0": {
        "start": {
          "line": 7,
          "column": 13
        },
        "end": {
          "line": 165,
          "column": 1
        }
      },
      "1": {
        "start": {
          "line": 13,
          "column": 6
        },
        "end": {
          "line": 13,
          "column": 22
        }
      },
      "2": {
        "start": {
          "line": 15,
          "column": 18
        },
        "end": {
          "line": 15,
          "column": 48
        }
      },
      "3": {
        "start": {
          "line": 16,
          "column": 20
        },
        "end": {
          "line": 16,
          "column": 50
        }
      },
      "4": {
        "start": {
          "line": 17,
          "column": 30
        },
        "end": {
          "line": 17,
          "column": 50
        }
      },
      "5": {
        "start": {
          "line": 18,
          "column": 26
        },
        "end": {
          "line": 18,
          "column": 46
        }
      },
      "6": {
        "start": {
          "line": 19,
          "column": 36
        },
        "end": {
          "line": 19,
          "column": 56
        }
      },
      "7": {
        "start": {
          "line": 20,
          "column": 19
        },
        "end": {
          "line": 20,
          "column": 32
        }
      },
      "8": {
        "start": {
          "line": 21,
          "column": 23
        },
        "end": {
          "line": 21,
          "column": 68
        }
      },
      "9": {
        "start": {
          "line": 21,
          "column": 40
        },
        "end": {
          "line": 21,
          "column": 68
        }
      },
      "10": {
        "start": {
          "line": 23,
          "column": 41
        },
        "end": {
          "line": 34,
          "column": 3
        }
      },
      "11": {
        "start": {
          "line": 24,
          "column": 4
        },
        "end": {
          "line": 26,
          "column": 5
        }
      },
      "12": {
        "start": {
          "line": 25,
          "column": 6
        },
        "end": {
          "line": 25,
          "column": 65
        }
      },
      "13": {
        "start": {
          "line": 28,
          "column": 4
        },
        "end": {
          "line": 28,
          "column": 25
        }
      },
      "14": {
        "start": {
          "line": 29,
          "column": 4
        },
        "end": {
          "line": 29,
          "column": 37
        }
      },
      "15": {
        "start": {
          "line": 30,
          "column": 4
        },
        "end": {
          "line": 30,
          "column": 23
        }
      },
      "16": {
        "start": {
          "line": 31,
          "column": 4
        },
        "end": {
          "line": 31,
          "column": 16
        }
      },
      "17": {
        "start": {
          "line": 32,
          "column": 4
        },
        "end": {
          "line": 32,
          "column": 18
        }
      },
      "18": {
        "start": {
          "line": 33,
          "column": 4
        },
        "end": {
          "line": 33,
          "column": 12
        }
      },
      "19": {
        "start": {
          "line": 35,
          "column": 20
        },
        "end": {
          "line": 43,
          "column": 3
        }
      },
      "20": {
        "start": {
          "line": 39,
          "column": 4
        },
        "end": {
          "line": 39,
          "column": 28
        }
      },
      "21": {
        "start": {
          "line": 40,
          "column": 4
        },
        "end": {
          "line": 42,
          "column": 5
        }
      },
      "22": {
        "start": {
          "line": 41,
          "column": 6
        },
        "end": {
          "line": 41,
          "column": 39
        }
      },
      "23": {
        "start": {
          "line": 45,
          "column": 2
        },
        "end": {
          "line": 164,
          "column": 4
        }
      },
      "24": {
        "start": {
          "line": 54,
          "column": 12
        },
        "end": {
          "line": 54,
          "column": 91
        }
      },
      "25": {
        "start": {
          "line": 83,
          "column": 10
        },
        "end": {
          "line": 83,
          "column": 34
        }
      },
      "26": {
        "start": {
          "line": 100,
          "column": 14
        },
        "end": {
          "line": 100,
          "column": 92
        }
      },
      "27": {
        "start": {
          "line": 107,
          "column": 29
        },
        "end": {
          "line": 107,
          "column": 52
        }
      },
      "28": {
        "start": {
          "line": 114,
          "column": 29
        },
        "end": {
          "line": 114,
          "column": 50
        }
      },
      "29": {
        "start": {
          "line": 134,
          "column": 14
        },
        "end": {
          "line": 138,
          "column": 15
        }
      },
      "30": {
        "start": {
          "line": 135,
          "column": 29
        },
        "end": {
          "line": 135,
          "column": 67
        }
      },
      "31": {
        "start": {
          "line": 136,
          "column": 16
        },
        "end": {
          "line": 136,
          "column": 50
        }
      },
      "32": {
        "start": {
          "line": 137,
          "column": 16
        },
        "end": {
          "line": 137,
          "column": 35
        }
      }
    },
    "fnMap": {
      "0": {
        "name": "(anonymous_0)",
        "decl": {
          "start": {
            "line": 7,
            "column": 13
          },
          "end": {
            "line": 7,
            "column": 14
          }
        },
        "loc": {
          "start": {
            "line": 7,
            "column": 19
          },
          "end": {
            "line": 165,
            "column": 1
          }
        },
        "line": 7
      },
      "1": {
        "name": "(anonymous_1)",
        "decl": {
          "start": {
            "line": 21,
            "column": 23
          },
          "end": {
            "line": 21,
            "column": 24
          }
        },
        "loc": {
          "start": {
            "line": 21,
            "column": 40
          },
          "end": {
            "line": 21,
            "column": 68
          }
        },
        "line": 21
      },
      "2": {
        "name": "(anonymous_2)",
        "decl": {
          "start": {
            "line": 23,
            "column": 41
          },
          "end": {
            "line": 23,
            "column": 42
          }
        },
        "loc": {
          "start": {
            "line": 23,
            "column": 51
          },
          "end": {
            "line": 34,
            "column": 3
          }
        },
        "line": 23
      },
      "3": {
        "name": "(anonymous_3)",
        "decl": {
          "start": {
            "line": 35,
            "column": 20
          },
          "end": {
            "line": 35,
            "column": 21
          }
        },
        "loc": {
          "start": {
            "line": 38,
            "column": 7
          },
          "end": {
            "line": 43,
            "column": 3
          }
        },
        "line": 38
      },
      "4": {
        "name": "(anonymous_4)",
        "decl": {
          "start": {
            "line": 53,
            "column": 20
          },
          "end": {
            "line": 53,
            "column": 21
          }
        },
        "loc": {
          "start": {
            "line": 54,
            "column": 12
          },
          "end": {
            "line": 54,
            "column": 91
          }
        },
        "line": 54
      },
      "5": {
        "name": "(anonymous_5)",
        "decl": {
          "start": {
            "line": 82,
            "column": 18
          },
          "end": {
            "line": 82,
            "column": 19
          }
        },
        "loc": {
          "start": {
            "line": 82,
            "column": 25
          },
          "end": {
            "line": 84,
            "column": 9
          }
        },
        "line": 82
      },
      "6": {
        "name": "(anonymous_6)",
        "decl": {
          "start": {
            "line": 99,
            "column": 22
          },
          "end": {
            "line": 99,
            "column": 23
          }
        },
        "loc": {
          "start": {
            "line": 100,
            "column": 14
          },
          "end": {
            "line": 100,
            "column": 92
          }
        },
        "line": 100
      },
      "7": {
        "name": "(anonymous_7)",
        "decl": {
          "start": {
            "line": 107,
            "column": 22
          },
          "end": {
            "line": 107,
            "column": 23
          }
        },
        "loc": {
          "start": {
            "line": 107,
            "column": 29
          },
          "end": {
            "line": 107,
            "column": 52
          }
        },
        "line": 107
      },
      "8": {
        "name": "(anonymous_8)",
        "decl": {
          "start": {
            "line": 114,
            "column": 22
          },
          "end": {
            "line": 114,
            "column": 23
          }
        },
        "loc": {
          "start": {
            "line": 114,
            "column": 29
          },
          "end": {
            "line": 114,
            "column": 50
          }
        },
        "line": 114
      },
      "9": {
        "name": "(anonymous_9)",
        "decl": {
          "start": {
            "line": 133,
            "column": 22
          },
          "end": {
            "line": 133,
            "column": 23
          }
        },
        "loc": {
          "start": {
            "line": 133,
            "column": 29
          },
          "end": {
            "line": 139,
            "column": 13
          }
        },
        "line": 133
      }
    },
    "branchMap": {
      "0": {
        "loc": {
          "start": {
            "line": 24,
            "column": 4
          },
          "end": {
            "line": 26,
            "column": 5
          }
        },
        "type": "if",
        "locations": [
          {
            "start": {
              "line": 24,
              "column": 4
            },
            "end": {
              "line": 26,
              "column": 5
            }
          },
          {
            "start": {},
            "end": {}
          }
        ],
        "line": 24
      },
      "1": {
        "loc": {
          "start": {
            "line": 25,
            "column": 20
          },
          "end": {
            "line": 25,
            "column": 64
          }
        },
        "type": "cond-expr",
        "locations": [
          {
            "start": {
              "line": 25,
              "column": 47
            },
            "end": {
              "line": 25,
              "column": 53
            }
          },
          {
            "start": {
              "line": 25,
              "column": 56
            },
            "end": {
              "line": 25,
              "column": 64
            }
          }
        ],
        "line": 25
      },
      "2": {
        "loc": {
          "start": {
            "line": 40,
            "column": 4
          },
          "end": {
            "line": 42,
            "column": 5
          }
        },
        "type": "if",
        "locations": [
          {
            "start": {
              "line": 40,
              "column": 4
            },
            "end": {
              "line": 42,
              "column": 5
            }
          },
          {
            "start": {},
            "end": {}
          }
        ],
        "line": 40
      },
      "3": {
        "loc": {
          "start": {
            "line": 54,
            "column": 12
          },
          "end": {
            "line": 54,
            "column": 91
          }
        },
        "type": "binary-expr",
        "locations": [
          {
            "start": {
              "line": 54,
              "column": 12
            },
            "end": {
              "line": 54,
              "column": 65
            }
          },
          {
            "start": {
              "line": 54,
              "column": 69
            },
            "end": {
              "line": 54,
              "column": 91
            }
          }
        ],
        "line": 54
      },
      "4": {
        "loc": {
          "start": {
            "line": 58,
            "column": 9
          },
          "end": {
            "line": 58,
            "column": 66
          }
        },
        "type": "binary-expr",
        "locations": [
          {
            "start": {
              "line": 58,
              "column": 9
            },
            "end": {
              "line": 58,
              "column": 24
            }
          },
          {
            "start": {
              "line": 58,
              "column": 28
            },
            "end": {
              "line": 58,
              "column": 66
            }
          }
        ],
        "line": 58
      },
      "5": {
        "loc": {
          "start": {
            "line": 70,
            "column": 9
          },
          "end": {
            "line": 70,
            "column": 66
          }
        },
        "type": "binary-expr",
        "locations": [
          {
            "start": {
              "line": 70,
              "column": 9
            },
            "end": {
              "line": 70,
              "column": 24
            }
          },
          {
            "start": {
              "line": 70,
              "column": 28
            },
            "end": {
              "line": 70,
              "column": 66
            }
          }
        ],
        "line": 70
      },
      "6": {
        "loc": {
          "start": {
            "line": 92,
            "column": 41
          },
          "end": {
            "line": 92,
            "column": 90
          }
        },
        "type": "binary-expr",
        "locations": [
          {
            "start": {
              "line": 92,
              "column": 41
            },
            "end": {
              "line": 92,
              "column": 52
            }
          },
          {
            "start": {
              "line": 92,
              "column": 56
            },
            "end": {
              "line": 92,
              "column": 90
            }
          }
        ],
        "line": 92
      },
      "7": {
        "loc": {
          "start": {
            "line": 100,
            "column": 14
          },
          "end": {
            "line": 100,
            "column": 92
          }
        },
        "type": "binary-expr",
        "locations": [
          {
            "start": {
              "line": 100,
              "column": 14
            },
            "end": {
              "line": 100,
              "column": 38
            }
          },
          {
            "start": {
              "line": 100,
              "column": 42
            },
            "end": {
              "line": 100,
              "column": 68
            }
          },
          {
            "start": {
              "line": 100,
              "column": 72
            },
            "end": {
              "line": 100,
              "column": 92
            }
          }
        ],
        "line": 100
      },
      "8": {
        "loc": {
          "start": {
            "line": 120,
            "column": 9
          },
          "end": {
            "line": 120,
            "column": 62
          }
        },
        "type": "binary-expr",
        "locations": [
          {
            "start": {
              "line": 120,
              "column": 9
            },
            "end": {
              "line": 120,
              "column": 22
            }
          },
          {
            "start": {
              "line": 120,
              "column": 26
            },
            "end": {
              "line": 120,
              "column": 62
            }
          }
        ],
        "line": 120
      },
      "9": {
        "loc": {
          "start": {
            "line": 134,
            "column": 14
          },
          "end": {
            "line": 138,
            "column": 15
          }
        },
        "type": "if",
        "locations": [
          {
            "start": {
              "line": 134,
              "column": 14
            },
            "end": {
              "line": 138,
              "column": 15
            }
          },
          {
            "start": {},
            "end": {}
          }
        ],
        "line": 134
      },
      "10": {
        "loc": {
          "start": {
            "line": 145,
            "column": 41
          },
          "end": {
            "line": 145,
            "column": 88
          }
        },
        "type": "binary-expr",
        "locations": [
          {
            "start": {
              "line": 145,
              "column": 41
            },
            "end": {
              "line": 145,
              "column": 51
            }
          },
          {
            "start": {
              "line": 145,
              "column": 55
            },
            "end": {
              "line": 145,
              "column": 88
            }
          }
        ],
        "line": 145
      },
      "11": {
        "loc": {
          "start": {
            "line": 159,
            "column": 9
          },
          "end": {
            "line": 159,
            "column": 64
          }
        },
        "type": "binary-expr",
        "locations": [
          {
            "start": {
              "line": 159,
              "column": 9
            },
            "end": {
              "line": 159,
              "column": 23
            }
          },
          {
            "start": {
              "line": 159,
              "column": 27
            },
            "end": {
              "line": 159,
              "column": 64
            }
          }
        ],
        "line": 159
      }
    },
    "s": {
      "0": 113,
      "1": 68,
      "2": 68,
      "3": 68,
      "4": 68,
      "5": 68,
      "6": 68,
      "7": 68,
      "8": 68,
      "9": 3,
      "10": 68,
      "11": 3,
      "12": 3,
      "13": 3,
      "14": 3,
      "15": 3,
      "16": 3,
      "17": 3,
      "18": 3,
      "19": 68,
      "20": 13,
      "21": 13,
      "22": 13,
      "23": 68,
      "24": 3,
      "25": 12,
      "26": 3,
      "27": 13,
      "28": 0,
      "29": 5,
      "30": 5,
      "31": 5,
      "32": 5
    },
    "f": {
      "0": 68,
      "1": 3,
      "2": 3,
      "3": 13,
      "4": 3,
      "5": 12,
      "6": 3,
      "7": 13,
      "8": 0,
      "9": 5
    },
    "b": {
      "0": [
        3,
        0
      ],
      "1": [
        3,
        0
      ],
      "2": [
        13,
        0
      ],
      "3": [
        3,
        0
      ],
      "4": [
        68,
        0
      ],
      "5": [
        68,
        0
      ],
      "6": [
        68,
        0
      ],
      "7": [
        3,
        0,
        0
      ],
      "8": [
        68,
        0
      ],
      "9": [
        5,
        0
      ],
      "10": [
        68,
        0
      ],
      "11": [
        68,
        0
      ]
    },
    "_coverageSchema": "1a1c01bbd47fc00a2c39e90264f33305004495a9",
    "hash": "566d340faa8a3e4e6ab412e43a9759a6ceb2796f"
  },
  "D:\\web\\Studying\\RS School\\RS SCHOOL (React course)\\react-components\\src\\entities\\user\\user.tsx": {
    "path": "D:\\web\\Studying\\RS School\\RS SCHOOL (React course)\\react-components\\src\\entities\\user\\user.tsx",
    "statementMap": {
      "0": {
        "start": {
          "line": 4,
          "column": 13
        },
        "end": {
          "line": 14,
          "column": 1
        }
      },
      "1": {
        "start": {
          "line": 5,
          "column": 2
        },
        "end": {
          "line": 13,
          "column": 4
        }
      }
    },
    "fnMap": {
      "0": {
        "name": "(anonymous_0)",
        "decl": {
          "start": {
            "line": 4,
            "column": 13
          },
          "end": {
            "line": 4,
            "column": 14
          }
        },
        "loc": {
          "start": {
            "line": 4,
            "column": 67
          },
          "end": {
            "line": 14,
            "column": 1
          }
        },
        "line": 4
      }
    },
    "branchMap": {},
    "s": {
      "0": 113,
      "1": 3
    },
    "f": {
      "0": 3
    },
    "b": {},
    "_coverageSchema": "1a1c01bbd47fc00a2c39e90264f33305004495a9",
    "hash": "875518dadceed8cdd5242569f37c3750b0909245"
  },
  "D:\\web\\Studying\\RS School\\RS SCHOOL (React course)\\react-components\\src\\widgets\\all-users\\users.tsx": {
    "path": "D:\\web\\Studying\\RS School\\RS SCHOOL (React course)\\react-components\\src\\widgets\\all-users\\users.tsx",
    "statementMap": {
      "0": {
        "start": {
          "line": 6,
          "column": 14
        },
        "end": {
          "line": 28,
          "column": 1
        }
      },
      "1": {
        "start": {
          "line": 7,
          "column": 16
        },
        "end": {
          "line": 7,
          "column": 65
        }
      },
      "2": {
        "start": {
          "line": 7,
          "column": 47
        },
        "end": {
          "line": 7,
          "column": 64
        }
      },
      "3": {
        "start": {
          "line": 8,
          "column": 2
        },
        "end": {
          "line": 26,
          "column": 3
        }
      },
      "4": {
        "start": {
          "line": 9,
          "column": 4
        },
        "end": {
          "line": 25,
          "column": 6
        }
      },
      "5": {
        "start": {
          "line": 12,
          "column": 10
        },
        "end": {
          "line": 22,
          "column": 12
        }
      },
      "6": {
        "start": {
          "line": 27,
          "column": 2
        },
        "end": {
          "line": 27,
          "column": 21
        }
      }
    },
    "fnMap": {
      "0": {
        "name": "(anonymous_0)",
        "decl": {
          "start": {
            "line": 6,
            "column": 14
          },
          "end": {
            "line": 6,
            "column": 15
          }
        },
        "loc": {
          "start": {
            "line": 6,
            "column": 20
          },
          "end": {
            "line": 28,
            "column": 1
          }
        },
        "line": 6
      },
      "1": {
        "name": "(anonymous_1)",
        "decl": {
          "start": {
            "line": 7,
            "column": 28
          },
          "end": {
            "line": 7,
            "column": 29
          }
        },
        "loc": {
          "start": {
            "line": 7,
            "column": 47
          },
          "end": {
            "line": 7,
            "column": 64
          }
        },
        "line": 7
      },
      "2": {
        "name": "(anonymous_2)",
        "decl": {
          "start": {
            "line": 11,
            "column": 19
          },
          "end": {
            "line": 11,
            "column": 20
          }
        },
        "loc": {
          "start": {
            "line": 11,
            "column": 69
          },
          "end": {
            "line": 23,
            "column": 9
          }
        },
        "line": 11
      }
    },
    "branchMap": {
      "0": {
        "loc": {
          "start": {
            "line": 8,
            "column": 2
          },
          "end": {
            "line": 26,
            "column": 3
          }
        },
        "type": "if",
        "locations": [
          {
            "start": {
              "line": 8,
              "column": 2
            },
            "end": {
              "line": 26,
              "column": 3
            }
          },
          {
            "start": {},
            "end": {}
          }
        ],
        "line": 8
      }
    },
    "s": {
      "0": 113,
      "1": 51,
      "2": 57,
      "3": 51,
      "4": 3,
      "5": 3,
      "6": 48
    },
    "f": {
      "0": 51,
      "1": 57,
      "2": 3
    },
    "b": {
      "0": [
        3,
        48
      ]
    },
    "_coverageSchema": "1a1c01bbd47fc00a2c39e90264f33305004495a9",
    "hash": "26356700b9aa6a66ae07913ad71f572b82ac7e37"
  },
  "D:\\web\\Studying\\RS School\\RS SCHOOL (React course)\\react-components\\src\\pages\\forms-page\\forms.tsx": {
    "path": "D:\\web\\Studying\\RS School\\RS SCHOOL (React course)\\react-components\\src\\pages\\forms-page\\forms.tsx",
    "statementMap": {
      "0": {
        "start": {
          "line": 5,
          "column": 14
        },
        "end": {
          "line": 13,
          "column": 1
        }
      },
      "1": {
        "start": {
          "line": 6,
          "column": 2
        },
        "end": {
          "line": 12,
          "column": 4
        }
      }
    },
    "fnMap": {
      "0": {
        "name": "(anonymous_0)",
        "decl": {
          "start": {
            "line": 5,
            "column": 14
          },
          "end": {
            "line": 5,
            "column": 15
          }
        },
        "loc": {
          "start": {
            "line": 5,
            "column": 20
          },
          "end": {
            "line": 13,
            "column": 1
          }
        },
        "line": 5
      }
    },
    "branchMap": {},
    "s": {
      "0": 113,
      "1": 48
    },
    "f": {
      "0": 48
    },
    "b": {},
    "_coverageSchema": "1a1c01bbd47fc00a2c39e90264f33305004495a9",
    "hash": "64e8e51977962f083d24c522162446c23c63e5b5"
  },
  "D:\\web\\Studying\\RS School\\RS SCHOOL (React course)\\react-components\\src\\widgets\\router\\app-router.tsx": {
    "path": "D:\\web\\Studying\\RS School\\RS SCHOOL (React course)\\react-components\\src\\widgets\\router\\app-router.tsx",
    "statementMap": {
      "0": {
        "start": {
          "line": 10,
          "column": 4
        },
        "end": {
          "line": 18,
          "column": 6
        }
      }
    },
    "fnMap": {
      "0": {
        "name": "(anonymous_0)",
        "decl": {
          "start": {
            "line": 9,
            "column": 2
          },
          "end": {
            "line": 9,
            "column": 3
          }
        },
        "loc": {
          "start": {
            "line": 9,
            "column": 11
          },
          "end": {
            "line": 19,
            "column": 3
          }
        },
        "line": 9
      }
    },
    "branchMap": {},
    "s": {
      "0": 113
    },
    "f": {
      "0": 113
    },
    "b": {},
    "_coverageSchema": "1a1c01bbd47fc00a2c39e90264f33305004495a9",
    "hash": "f9ecf02b1bf67367ef6ff1939a23324c33fc26b2"
  },
  "D:\\web\\Studying\\RS School\\RS SCHOOL (React course)\\react-components\\src\\widgets\\navigation\\nav.tsx": {
    "path": "D:\\web\\Studying\\RS School\\RS SCHOOL (React course)\\react-components\\src\\widgets\\navigation\\nav.tsx",
    "statementMap": {
      "0": {
        "start": {
          "line": 6,
          "column": 4
        },
        "end": {
          "line": 12,
          "column": 6
        }
      }
    },
    "fnMap": {
      "0": {
        "name": "(anonymous_0)",
        "decl": {
          "start": {
            "line": 5,
            "column": 2
          },
          "end": {
            "line": 5,
            "column": 3
          }
        },
        "loc": {
          "start": {
            "line": 5,
            "column": 11
          },
          "end": {
            "line": 13,
            "column": 3
          }
        },
        "line": 5
      }
    },
    "branchMap": {},
    "s": {
      "0": 113
    },
    "f": {
      "0": 113
    },
    "b": {},
    "_coverageSchema": "1a1c01bbd47fc00a2c39e90264f33305004495a9",
    "hash": "62c8bf8c31480a82cc16194cef7f8aa3387c7c4f"
  },
  "D:\\web\\Studying\\RS School\\RS SCHOOL (React course)\\react-components\\src\\app\\App.tsx": {
    "path": "D:\\web\\Studying\\RS School\\RS SCHOOL (React course)\\react-components\\src\\app\\App.tsx",
    "statementMap": {
      "0": {
        "start": {
          "line": 5,
          "column": 12
        },
        "end": {
          "line": 12,
          "column": 1
        }
      },
      "1": {
        "start": {
          "line": 6,
          "column": 2
        },
        "end": {
          "line": 11,
          "column": 4
        }
      }
    },
    "fnMap": {
      "0": {
        "name": "(anonymous_0)",
        "decl": {
          "start": {
            "line": 5,
            "column": 12
          },
          "end": {
            "line": 5,
            "column": 13
          }
        },
        "loc": {
          "start": {
            "line": 5,
            "column": 18
          },
          "end": {
            "line": 12,
            "column": 1
          }
        },
        "line": 5
      }
    },
    "branchMap": {},
    "s": {
      "0": 113,
      "1": 113
    },
    "f": {
      "0": 113
    },
    "b": {},
    "_coverageSchema": "1a1c01bbd47fc00a2c39e90264f33305004495a9",
    "hash": "ddf50a95fd945a3da2ca3f1ae44c6536e513625c"
  },
  "D:\\web\\Studying\\RS School\\RS SCHOOL (React course)\\react-components\\src\\entry-client.tsx": {
    "path": "D:\\web\\Studying\\RS School\\RS SCHOOL (React course)\\react-components\\src\\entry-client.tsx",
    "statementMap": {
      "0": {
        "start": {
          "line": 11,
          "column": 2
        },
        "end": {
          "line": 18,
          "column": 4
        }
      },
      "1": {
        "start": {
          "line": 21,
          "column": 0
        },
        "end": {
          "line": 21,
          "column": 19
        }
      }
    },
    "fnMap": {
      "0": {
        "name": "entryClient",
        "decl": {
          "start": {
            "line": 10,
            "column": 9
          },
          "end": {
            "line": 10,
            "column": 20
          }
        },
        "loc": {
          "start": {
            "line": 10,
            "column": 35
          },
          "end": {
            "line": 19,
            "column": 1
          }
        },
        "line": 10
      }
    },
    "branchMap": {},
    "s": {
      "0": 113,
      "1": 113
    },
    "f": {
      "0": 113
    },
    "b": {},
    "_coverageSchema": "1a1c01bbd47fc00a2c39e90264f33305004495a9",
    "hash": "25730d48cc3c4d438c8977c8d4e251e193cf7ef0"
  },
  "D:/web/Studying/RS School/RS SCHOOL (React course)/react-components/src/processes/store/searchTextSlice.tsx": {
    "path": "D:/web/Studying/RS School/RS SCHOOL (React course)/react-components/src/processes/store/searchTextSlice.tsx",
    "statementMap": {
      "0": {
        "start": {
          "line": 2,
          "column": 24
        },
        "end": {
          "line": 12,
          "column": 2
        }
      },
      "1": {
        "start": {
          "line": 9,
          "column": 6
        },
        "end": {
          "line": 9,
          "column": 45
        }
      },
      "2": {
        "start": {
          "line": 15,
          "column": 4
        },
        "end": {
          "line": 15,
          "column": 27
        }
      }
    },
    "fnMap": {
      "0": {
        "name": "(anonymous_0)",
        "decl": {
          "start": {
            "line": 8,
            "column": 4
          },
          "end": {
            "line": 8,
            "column": 5
          }
        },
        "loc": {
          "start": {
            "line": 8,
            "column": 34
          },
          "end": {
            "line": 10,
            "column": 5
          }
        },
        "line": 8
      }
    },
    "branchMap": {},
    "s": {
      "0": 20,
      "1": 10,
      "2": 20
    },
    "f": {
      "0": 10
    },
    "b": {},
    "inputSourceMap": {
      "version": 3,
      "mappings": "AAAA,SAASA,mBAAmB;AAE5B,MAAMC,kBAAkBD,YAAY;AAAA,EAClCE,MAAM;AAAA,EACNC,cAAc;AAAA,IACZC,YAAY;AAAA,EACd;AAAA,EACAC,UAAU;AAAA,IACRC,eAAeC,OAAOC,QAAQ;AAC5BD,YAAMH,aAAaI,OAAOC,QAAQC;AAAAA,IACpC;AAAA,EACF;AACF,CAAC;AAEM,aAAM;AAAA,EAAEJ;AAAe,IAAIL,gBAAgBU;AAElD,eAAeV,gBAAgBW",
      "names": [
        "createSlice",
        "searchTextSlice",
        "name",
        "initialState",
        "searchText",
        "reducers",
        "setSearchValue",
        "state",
        "action",
        "payload",
        "text",
        "actions",
        "reducer"
      ],
      "sources": [
        "D:/web/Studying/RS School/RS SCHOOL (React course)/react-components/src/processes/store/searchTextSlice.tsx"
      ],
      "file": "D:/web/Studying/RS School/RS SCHOOL (React course)/react-components/src/processes/store/searchTextSlice.tsx"
    },
    "_coverageSchema": "1a1c01bbd47fc00a2c39e90264f33305004495a9",
    "hash": "ac80943b7d9343f243982413f95c788fa75ea5e9"
  },
  "D:/web/Studying/RS School/RS SCHOOL (React course)/react-components/src/processes/store/cardIdSlice.tsx": {
    "path": "D:/web/Studying/RS School/RS SCHOOL (React course)/react-components/src/processes/store/cardIdSlice.tsx",
    "statementMap": {
      "0": {
        "start": {
          "line": 2,
          "column": 20
        },
        "end": {
          "line": 12,
          "column": 2
        }
      },
      "1": {
        "start": {
          "line": 9,
          "column": 6
        },
        "end": {
          "line": 9,
          "column": 39
        }
      },
      "2": {
        "start": {
          "line": 15,
          "column": 4
        },
        "end": {
          "line": 15,
          "column": 23
        }
      }
    },
    "fnMap": {
      "0": {
        "name": "(anonymous_0)",
        "decl": {
          "start": {
            "line": 8,
            "column": 4
          },
          "end": {
            "line": 8,
            "column": 5
          }
        },
        "loc": {
          "start": {
            "line": 8,
            "column": 34
          },
          "end": {
            "line": 10,
            "column": 5
          }
        },
        "line": 8
      }
    },
    "branchMap": {},
    "s": {
      "0": 20,
      "1": 5,
      "2": 20
    },
    "f": {
      "0": 5
    },
    "b": {},
    "inputSourceMap": {
      "version": 3,
      "mappings": "AAAA,SAASA,mBAAmB;AAE5B,MAAMC,cAAcD,YAAY;AAAA,EAC9BE,MAAM;AAAA,EACNC,cAAc;AAAA,IACZC,QAAQ;AAAA,EACV;AAAA,EACAC,UAAU;AAAA,IACRC,eAAeC,OAAOC,QAAQ;AAC5BD,YAAMH,SAASI,OAAOC,QAAQC;AAAAA,IAChC;AAAA,EACF;AACF,CAAC;AAEM,aAAM;AAAA,EAAEJ;AAAe,IAAIL,YAAYU;AAE9C,eAAeV,YAAYW",
      "names": [
        "createSlice",
        "cardIdSlice",
        "name",
        "initialState",
        "cardId",
        "reducers",
        "setCardIdValue",
        "state",
        "action",
        "payload",
        "id",
        "actions",
        "reducer"
      ],
      "sources": [
        "D:/web/Studying/RS School/RS SCHOOL (React course)/react-components/src/processes/store/cardIdSlice.tsx"
      ],
      "file": "D:/web/Studying/RS School/RS SCHOOL (React course)/react-components/src/processes/store/cardIdSlice.tsx"
    },
    "_coverageSchema": "1a1c01bbd47fc00a2c39e90264f33305004495a9",
    "hash": "a1941efe7066537f2ecfe03ce33ba34803430ebe"
  },
  "D:/web/Studying/RS School/RS SCHOOL (React course)/react-components/src/processes/store/usersSlice.tsx": {
    "path": "D:/web/Studying/RS School/RS SCHOOL (React course)/react-components/src/processes/store/usersSlice.tsx",
    "statementMap": {
      "0": {
        "start": {
          "line": 2,
          "column": 19
        },
        "end": {
          "line": 12,
          "column": 2
        }
      },
      "1": {
        "start": {
          "line": 9,
          "column": 6
        },
        "end": {
          "line": 9,
          "column": 44
        }
      },
      "2": {
        "start": {
          "line": 15,
          "column": 4
        },
        "end": {
          "line": 15,
          "column": 22
        }
      }
    },
    "fnMap": {
      "0": {
        "name": "(anonymous_0)",
        "decl": {
          "start": {
            "line": 8,
[...]
      "version": 3,
      "mappings": "AAWmC;AAXnC,SAAgBA,iBAAiB;AACjC,SAASC,QAAQC,aAAa;AAC9B,OAAOC,WAAW;AAClB,OAAOC,WAAW;AAClB,OAAOC,UAAU;AACjB,OAAOC,WAAW;AAElB,MAAMC,kBAAkBP,UAAU;AAAA,EAChCQ,SAAS;AACP,WACE,uBAAC,UACC;AAAA,6BAAC,SAAM,MAAM,KAAK,SAAS,uBAAC,UAAD;AAAA;AAAA;AAAA;AAAA,aAAK,KAAhC;AAAA;AAAA;AAAA;AAAA,aAAoC;AAAA,MACpC,uBAAC,SAAM,MAAM,UAAU,SAAS,uBAAC,WAAD;AAAA;AAAA;AAAA;AAAA,aAAM,KAAtC;AAAA;AAAA;AAAA;AAAA,aAA0C;AAAA,MAC1C,uBAAC,SAAM,MAAM,UAAU,SAAS,uBAAC,WAAD;AAAA;AAAA;AAAA;AAAA,aAAM,KAAtC;AAAA;AAAA;AAAA;AAAA,aAA0C;AAAA,MAC1C,uBAAC,SAAM,MAAM,KAAK,SAAS,uBAAC,WAAD;AAAA;AAAA;AAAA;AAAA,aAAM,KAAjC;AAAA;AAAA;AAAA;AAAA,aAAqC;AAAA,MACrC,uBAAC,SAAM,MAAK,QAAO,SAAS,uBAAC,WAAD;AAAA;AAAA;AAAA;AAAA,aAAM,KAAlC;AAAA;AAAA;AAAA;AAAA,aAAsC;AAAA,SALxC;AAAA;AAAA;AAAA;AAAA,WAMA;AAAA,EAEJ;AACF;AAEA,eAAeD",
      "names": [
        "Component",
        "Routes",
        "Route",
        "About",
        "Error",
        "Main",
        "Forms",
        "AppRouter",
        "render"
      ],
      "sources": [
        "D:/web/Studying/RS School/RS SCHOOL (React course)/react-components/src/widgets/router/app-router.tsx"
      ],
      "file": "D:/web/Studying/RS School/RS SCHOOL (React course)/react-components/src/widgets/router/app-router.tsx"
    },
    "_coverageSchema": "1a1c01bbd47fc00a2c39e90264f33305004495a9",
    "hash": "c97442e544365f9558c23798996dde64d1be0170"
  },
  "D:/web/Studying/RS School/RS SCHOOL (React course)/react-components/src/widgets/navigation/nav.tsx": {
    "path": "D:/web/Studying/RS School/RS SCHOOL (React course)/react-components/src/widgets/navigation/nav.tsx",
    "statementMap": {
      "0": {
        "start": {
          "line": 6,
          "column": 4
        },
        "end": {
          "line": 26,
          "column": 13
        }
      }
    },
    "fnMap": {
      "0": {
        "name": "(anonymous_0)",
        "decl": {
          "start": {
            "line": 5,
            "column": 2
          },
          "end": {
            "line": 5,
            "column": 3
          }
        },
        "loc": {
          "start": {
            "line": 5,
            "column": 11
          },
          "end": {
            "line": 27,
            "column": 3
          }
        },
        "line": 5
      }
    },
    "branchMap": {},
    "s": {
      "0": 20
    },
    "f": {
      "0": 20
    },
    "b": {},
    "inputSourceMap": {
      "version": 3,
      "mappings": "AAOQ;AAPR,SAAgBA,iBAAiB;AACjC,SAASC,eAAe;AAExB,MAAMC,mBAAmBF,UAAU;AAAA,EACjCG,SAAS;AACP,WACE,uBAAC,SAAI,WAAU,OACb;AAAA,6BAAC,WAAQ,IAAG,KAAI,yBAAhB;AAAA;AAAA;AAAA;AAAA,aAAyB;AAAA,MACzB,uBAAC,WAAQ,IAAG,UAAS,wBAArB;AAAA;AAAA;AAAA;AAAA,aAA6B;AAAA,MAC7B,uBAAC,WAAQ,IAAG,UAAS,qBAArB;AAAA;AAAA;AAAA;AAAA,aAA0B;AAAA,SAH5B;AAAA;AAAA;AAAA;AAAA,WAIA;AAAA,EAEJ;AACF;AAEA,eAAeD",
      "names": [
        "Component",
        "NavLink",
        "Navigation",
        "render"
      ],
      "sources": [
        "D:/web/Studying/RS School/RS SCHOOL (React course)/react-components/src/widgets/navigation/nav.tsx"
      ],
      "file": "D:/web/Studying/RS School/RS SCHOOL (React course)/react-components/src/widgets/navigation/nav.tsx"
    },
    "_coverageSchema": "1a1c01bbd47fc00a2c39e90264f33305004495a9",
    "hash": "74913723983685f8f48c57f71543ec58497974a0"
  },
  "D:/web/Studying/RS School/RS SCHOOL (React course)/react-components/src/app/App.tsx": {
    "path": "D:/web/Studying/RS School/RS SCHOOL (React course)/react-components/src/app/App.tsx",
    "statementMap": {
      "0": {
        "start": {
          "line": 5,
          "column": 0
        },
        "end": {
          "line": 15,
          "column": 1
        }
      },
      "1": {
        "start": {
          "line": 6,
          "column": 2
        },
        "end": {
          "line": 8,
          "column": 3
        }
      },
      "2": {
        "start": {
          "line": 7,
          "column": 4
        },
        "end": {
          "line": 7,
          "column": 165
        }
      },
      "3": {
        "start": {
          "line": 9,
          "column": 2
        },
        "end": {
          "line": 9,
          "column": 39
        }
      },
      "4": {
        "start": {
          "line": 10,
          "column": 2
        },
        "end": {
          "line": 10,
          "column": 39
        }
      },
      "5": {
        "start": {
          "line": 11,
          "column": 2
        },
        "end": {
          "line": 13,
          "column": 4
        }
      },
      "6": {
        "start": {
          "line": 12,
          "column": 4
        },
        "end": {
          "line": 12,
          "column": 127
        }
      },
      "7": {
        "start": {
          "line": 14,
          "column": 2
        },
        "end": {
          "line": 14,
          "column": 75
        }
      },
      "8": {
        "start": {
          "line": 18,
          "column": 12
        },
        "end": {
          "line": 35,
          "column": 1
        }
      },
      "9": {
        "start": {
          "line": 19,
          "column": 2
        },
        "end": {
          "line": 34,
          "column": 11
        }
      },
      "10": {
        "start": {
          "line": 36,
          "column": 0
        },
        "end": {
          "line": 36,
          "column": 9
        }
      },
      "11": {
        "start": {
          "line": 39,
          "column": 0
        },
        "end": {
          "line": 39,
          "column": 24
        }
      },
      "12": {
        "start": {
          "line": 40,
          "column": 0
        },
        "end": {
          "line": 56,
          "column": 1
        }
      },
      "13": {
        "start": {
          "line": 41,
          "column": 2
        },
        "end": {
          "line": 41,
          "column": 39
        }
      },
      "14": {
        "start": {
          "line": 42,
          "column": 2
        },
        "end": {
          "line": 42,
          "column": 39
        }
      },
      "15": {
        "start": {
          "line": 43,
          "column": 2
        },
        "end": {
          "line": 55,
          "column": 5
        }
      },
      "16": {
        "start": {
          "line": 47,
          "column": 4
        },
        "end": {
          "line": 47,
          "column": 153
        }
      },
      "17": {
        "start": {
          "line": 48,
          "column": 4
        },
        "end": {
          "line": 54,
          "column": 7
        }
      },
      "18": {
        "start": {
          "line": 49,
          "column": 6
        },
        "end": {
          "line": 50,
          "column": 15
        }
      },
      "19": {
        "start": {
          "line": 50,
          "column": 8
        },
        "end": {
          "line": 50,
          "column": 15
        }
      },
      "20": {
        "start": {
          "line": 51,
          "column": 32
        },
        "end": {
          "line": 51,
          "column": 115
        }
      },
      "21": {
        "start": {
          "line": 52,
          "column": 6
        },
        "end": {
          "line": 53,
          "column": 54
        }
      },
      "22": {
        "start": {
          "line": 53,
          "column": 8
        },
        "end": {
          "line": 53,
          "column": 54
        }
      }
    },
    "fnMap": {
      "0": {
        "name": "(anonymous_0)",
        "decl": {
          "start": {
            "line": 11,
            "column": 24
          },
          "end": {
            "line": 11,
            "column": 25
          }
        },
        "loc": {
          "start": {
            "line": 11,
            "column": 38
          },
          "end": {
            "line": 13,
            "column": 3
          }
        },
        "line": 11
      },
      "1": {
        "name": "(anonymous_1)",
        "decl": {
          "start": {
            "line": 18,
            "column": 12
          },
          "end": {
            "line": 18,
            "column": 13
          }
        },
        "loc": {
          "start": {
            "line": 18,
            "column": 18
          },
          "end": {
            "line": 35,
            "column": 1
          }
        },
        "line": 18
      },
      "2": {
        "name": "(anonymous_2)",
        "decl": {
          "start": {
            "line": 46,
            "column": 9
          },
          "end": {
            "line": 46,
            "column": 10
          }
        },
        "loc": {
          "start": {
            "line": 46,
            "column": 29
          },
          "end": {
            "line": 55,
            "column": 3
          }
        },
        "line": 46
      },
      "3": {
        "name": "(anonymous_3)",
        "decl": {
          "start": {
            "line": 48,
            "column": 27
          },
          "end": {
            "line": 48,
            "column": 28
          }
        },
        "loc": {
          "start": {
            "line": 48,
            "column": 44
          },
          "end": {
            "line": 54,
            "column": 5
          }
        },
        "line": 48
      }
    },
    "branchMap": {
      "0": {
        "loc": {
          "start": {
            "line": 5,
            "column": 0
          },
          "end": {
            "line": 15,
            "column": 1
          }
        },
        "type": "if",
        "locations": [
          {
            "start": {
              "line": 5,
              "column": 0
            },
            "end": {
              "line": 15,
              "column": 1
            }
          },
          {
            "start": {},
            "end": {}
          }
        ],
        "line": 5
      },
      "1": {
        "loc": {
          "start": {
            "line": 6,
            "column": 2
          },
          "end": {
            "line": 8,
            "column": 3
          }
        },
        "type": "if",
        "locations": [
          {
            "start": {
              "line": 6,
              "column": 2
            },
            "end": {
              "line": 8,
              "column": 3
            }
          },
          {
            "start": {},
            "end": {}
          }
        ],
        "line": 6
      },
      "2": {
        "loc": {
          "start": {
            "line": 40,
            "column": 0
          },
          "end": {
            "line": 56,
            "column": 1
          }
        },
        "type": "if",
        "locations": [
          {
            "start": {
              "line": 40,
              "column": 0
            },
            "end": {
              "line": 56,
              "column": 1
            }
          },
          {
            "start": {},
            "end": {}
          }
        ],
        "line": 40
      },
      "3": {
        "loc": {
          "start": {
            "line": 49,
            "column": 6
          },
          "end": {
            "line": 50,
            "column": 15
          }
        },
        "type": "if",
        "locations": [
          {
            "start": {
              "line": 49,
              "column": 6
            },
            "end": {
              "line": 50,
              "column": 15
            }
          },
          {
            "start": {},
            "end": {}
          }
        ],
        "line": 49
      },
      "4": {
        "loc": {
          "start": {
            "line": 52,
            "column": 6
          },
          "end": {
            "line": 53,
            "column": 54
          }
        },
        "type": "if",
        "locations": [
          {
            "start": {
              "line": 52,
              "column": 6
            },
            "end": {
              "line": 53,
              "column": 54
            }
          },
          {
            "start": {},
            "end": {}
          }
        ],
        "line": 52
      }
    },
    "s": {
      "0": 20,
      "1": 20,
      "2": 0,
      "3": 20,
      "4": 20,
      "5": 20,
      "6": 20,
      "7": 20,
      "8": 20,
      "9": 20,
      "10": 20,
      "11": 20,
      "12": 20,
      "13": 20,
      "14": 20,
      "15": 20,
      "16": 15,
      "17": 15,
      "18": 0,
      "19": 0,
      "20": 0,
      "21": 0,
      "22": 0
    },
    "f": {
      "0": 20,
      "1": 20,
      "2": 15,
      "3": 0
    },
    "b": {
      "0": [
        20,
        0
      ],
      "1": [
        0,
        20
      ],
      "2": [
        20,
        0
      ],
      "3": [
        0,
        0
      ],
      "4": [
        0,
        0
      ]
    },
    "inputSourceMap": {
      "version": 3,
      "mappings": "AAMI,mBACE,cADF;AANJ,OAAOA,oBAAkB;AAAA;AAAA;AAAA;AAAA;AAAA;AAAA;AAAA;AAAA;AAAA;AAAA;AAAA;AAAA;AAAA;AACzB,OAAOC,eAAe;AACtB,OAAOC,gBAAgB;AAEvB,MAAMC,MAAMA,MAAM;AAChB,SACE,mCACE;AAAA,2BAAC,gBAAD;AAAA;AAAA;AAAA;AAAA,WAAW;AAAA,IACX,uBAAC,eAAD;AAAA;AAAA;AAAA;AAAA,WAAU;AAAA,OAFZ;AAAA;AAAA;AAAA;AAAA,SAGA;AAEJ;AAAEC,KAPID;AASN,eAAeA;AAAI;AAAAE",
      "names": [
        "React",
        "AppRouter",
        "Navigation",
        "App",
        "_c",
        "$RefreshReg$"
      ],
      "sources": [
        "D:/web/Studying/RS School/RS SCHOOL (React course)/react-components/src/app/App.tsx"
      ],
      "file": "D:/web/Studying/RS School/RS SCHOOL (React course)/react-components/src/app/App.tsx"
    },
    "_coverageSchema": "1a1c01bbd47fc00a2c39e90264f33305004495a9",
    "hash": "9ab86828d89fdb68c4f0fd8c85c1153bf686df95"
  },
  "D:/web/Studying/RS School/RS SCHOOL (React course)/react-components/src/entry-client.tsx": {
    "path": "D:/web/Studying/RS School/RS SCHOOL (React course)/react-components/src/entry-client.tsx",
    "statementMap": {
      "0": {
        "start": {
          "line": 9,
          "column": 2
        },
        "end": {
          "line": 21,
          "column": 12
        }
      },
      "1": {
        "start": {
          "line": 23,
          "column": 0
        },
        "end": {
          "line": 23,
          "column": 19
        }
      }
    },
    "fnMap": {
      "0": {
        "name": "entryClient",
        "decl": {
          "start": {
            "line": 8,
            "column": 9
          },
          "end": {
            "line": 8,
            "column": 20
          }
        },
        "loc": {
          "start": {
            "line": 8,
            "column": 29
          },
          "end": {
            "line": 22,
            "column": 1
          }
        },
        "line": 8
      }
    },
    "branchMap": {},
    "s": {
      "0": 20,
      "1": 20
    },
    "f": {
      "0": 20
    },
    "b": {},
    "inputSourceMap": {
      "version": 3,
      "mappings": "AAcQ;AAdR,OAAOA,cAAc;AACrB,SAASC,qBAAqB;AAE9B,SAASC,aAAa;AAEtB,SAASC,gBAAgB;AACzB,OAAOC,SAAS;AAChB,OAAO;AAEP,SAASC,YAAYH,QAAc;AACjCF,WAASM,YACPC,SAASC,eAAe,MAAM,GAC9B,uBAAC,iBACC,iCAAC,YAAS,OAAON,QACf,iCAAC,SAAD;AAAA;AAAA;AAAA;AAAA,SAAI,KADN;AAAA;AAAA;AAAA;AAAA,SAEA,KAHF;AAAA;AAAA;AAAA;AAAA,SAIA,CAAgB;AAEpB;AAEAG,YAAYH,KAAK",
      "names": [
        "ReactDOM",
        "BrowserRouter",
        "store",
        "Provider",
        "App",
        "entryClient",
        "hydrateRoot",
        "document",
        "getElementById"
      ],
      "sources": [
        "D:/web/Studying/RS School/RS SCHOOL (React course)/react-components/src/entry-client.tsx"
      ],
      "file": "D:/web/Studying/RS School/RS SCHOOL (React course)/react-components/src/entry-client.tsx"
    },
    "_coverageSchema": "1a1c01bbd47fc00a2c39e90264f33305004495a9",
    "hash": "0044e8a560fc4ba9b9e546d592bf4897809bf6c1"
  },
  "D:/web/Studying/RS School/RS SCHOOL (React course)/react-components/src/entry-server.tsx": {
    "path": "D:/web/Studying/RS School/RS SCHOOL (React course)/react-components/src/entry-server.tsx",
    "statementMap": {},
    "fnMap": {},
    "branchMap": {},
    "s": {},
    "f": {},
    "b": {}
  },
  "D:/web/Studying/RS School/RS SCHOOL (React course)/react-components/src/index.test.tsx": {
    "path": "D:/web/Studying/RS School/RS SCHOOL (React course)/react-components/src/index.test.tsx",
    "statementMap": {},
    "fnMap": {},
    "branchMap": {},
    "s": {},
    "f": {},
    "b": {}
  },
  "D:/web/Studying/RS School/RS SCHOOL (React course)/react-components/src/entities/user/user.test.tsx": {
    "path": "D:/web/Studying/RS School/RS SCHOOL (React course)/react-components/src/entities/user/user.test.tsx",
    "statementMap": {},
    "fnMap": {},
    "branchMap": {},
    "s": {},
    "f": {},
    "b": {}
  },
  "D:/web/Studying/RS School/RS SCHOOL (React course)/react-components/src/pages/about-page/about.test.tsx": {
    "path": "D:/web/Studying/RS School/RS SCHOOL (React course)/react-components/src/pages/about-page/about.test.tsx",
    "statementMap": {},
    "fnMap": {},
    "branchMap": {},
    "s": {},
    "f": {},
    "b": {}
  },
  "D:/web/Studying/RS School/RS SCHOOL (React course)/react-components/src/pages/error-page/error.test.tsx": {
    "path": "D:/web/Studying/RS School/RS SCHOOL (React course)/react-components/src/pages/error-page/error.test.tsx",
    "statementMap": {},
    "fnMap": {},
    "branchMap": {},
    "s": {},
    "f": {},
    "b": {}
  },
  "D:/web/Studying/RS School/RS SCHOOL (React course)/react-components/src/pages/forms-page/forms.test.tsx": {
    "path": "D:/web/Studying/RS School/RS SCHOOL (React course)/react-components/src/pages/forms-page/forms.test.tsx",
    "statementMap": {},
    "fnMap": {},
    "branchMap": {},
    "s": {},
    "f": {},
    "b": {}
  },
  "D:/web/Studying/RS School/RS SCHOOL (React course)/react-components/src/pages/main-page/main.test.tsx": {
    "path": "D:/web/Studying/RS School/RS SCHOOL (React course)/react-components/src/pages/main-page/main.test.tsx",
    "statementMap": {},
    "fnMap": {},
    "branchMap": {},
    "s": {},
    "f": {},
    "b": {}
  },
  "D:/web/Studying/RS School/RS SCHOOL (React course)/react-components/src/widgets/cards/cards.test.tsx": {
    "path": "D:/web/Studying/RS School/RS SCHOOL (React course)/react-components/src/widgets/cards/cards.test.tsx",
    "statementMap": {},
    "fnMap": {},
    "branchMap": {},
    "s": {},
    "f": {},
    "b": {}
  },
  "D:/web/Studying/RS School/RS SCHOOL (React course)/react-components/src/widgets/form/form.test.tsx": {
    "path": "D:/web/Studying/RS School/RS SCHOOL (React course)/react-components/src/widgets/form/form.test.tsx",
    "statementMap": {},
    "fnMap": {},
    "branchMap": {},
    "s": {},
    "f": {},
    "b": {}
  },
  "D:/web/Studying/RS School/RS SCHOOL (React course)/react-components/src/widgets/navigation/nav.test.tsx": {
    "path": "D:/web/Studying/RS School/RS SCHOOL (React course)/react-components/src/widgets/navigation/nav.test.tsx",
    "statementMap": {},
    "fnMap": {},
    "branchMap": {},
    "s": {},
    "f": {},
    "b": {}
  },
  "D:/web/Studying/RS School/RS SCHOOL (React course)/react-components/src/widgets/search-input/search.test.tsx": {
    "path": "D:/web/Studying/RS School/RS SCHOOL (React course)/react-components/src/widgets/search-input/search.test.tsx",
    "statementMap": {},
    "fnMap": {},
    "branchMap": {},
    "s": {},
    "f": {},
    "b": {}
  },
  "D:/web/Studying/RS School/RS SCHOOL (React course)/react-components/src/widgets/cards/types/types.tsx": {
    "path": "D:/web/Studying/RS School/RS SCHOOL (React course)/react-components/src/widgets/cards/types/types.tsx",
    "statementMap": {},
    "fnMap": {},
    "branchMap": {},
    "s": {},
    "f": {},
    "b": {}
  },
  "D:/web/Studying/RS School/RS SCHOOL (React course)/react-components/src/widgets/modal/UI/svg.test.tsx": {
    "path": "D:/web/Studying/RS School/RS SCHOOL (React course)/react-components/src/widgets/modal/UI/svg.test.tsx",
    "statementMap": {},
    "fnMap": {},
    "branchMap": {},
    "s": {},
    "f": {},
    "b": {}
  }
}
