<?xml version="1.0" encoding="UTF-8"?>
<coverage generated="1679247114811" clover="3.2.0">
  <project timestamp="1679247114811" name="All files">
    <metrics statements="19" coveredstatements="16" conditionals="0" coveredconditionals="0" methods="10" coveredmethods="8" elements="29" coveredelements="24" complexity="0" loc="19" ncloc="19" packages="5" files="5" classes="5"/>
    <package name="app">
      <metrics statements="1" coveredstatements="0" conditionals="0" coveredconditionals="0" methods="1" coveredmethods="0"/>
      <file name="App.tsx" path="D:\web\Studying\RS School\RS SCHOOL (React course)\react-components\src\app\App.tsx">
        <metrics statements="1" coveredstatements="0" conditionals="0" coveredconditionals="0" methods="1" coveredmethods="0"/>
        <line num="7" count="0" type="stmt"/>
      </file>
    </package>
    <package name="pages.Main">
      <metrics statements="1" coveredstatements="1" conditionals="0" coveredconditionals="0" methods="1" coveredmethods="1"/>
      <file name="Main.tsx" path="D:\web\Studying\RS School\RS SCHOOL (React course)\react-components\src\pages\Main\Main.tsx">
        <metrics statements="1" coveredstatements="1" conditionals="0" coveredconditionals="0" methods="1" coveredmethods="1"/>
        <line num="7" count="2" type="stmt"/>
      </file>
    </package>
    <package name="widgets.products">
      <metrics statements="7" coveredstatements="7" conditionals="0" coveredconditionals="0" methods="3" coveredmethods="3"/>
      <file name="Products.tsx" path="D:\web\Studying\RS School\RS SCHOOL (React course)\react-components\src\widgets\products\Products.tsx">
        <metrics statements="7" coveredstatements="7" conditionals="0" coveredconditionals="0" methods="3" coveredmethods="3"/>
        <line num="21" count="2" type="stmt"/>
        <line num="23" count="2" type="stmt"/>
        <line num="28" count="2" type="stmt"/>
        <line num="29" count="1" type="stmt"/>
        <line num="33" count="3" type="stmt"/>
        <line num="34" count="3" type="stmt"/>
        <line num="37" count="2" type="stmt"/>
      </file>
    </package>
    <package name="widgets.products.api">
      <metrics statements="4" coveredstatements="3" conditionals="0" coveredconditionals="0" methods="1" coveredmethods="1"/>
      <file name="ProductsApi.tsx" path="D:\web\Studying\RS School\RS SCHOOL (React course)\react-components\src\widgets\products\api\ProductsApi.tsx">
        <metrics statements="4" coveredstatements="3" conditionals="0" coveredconditionals="0" methods="1" coveredmethods="1"/>
        <line num="2" count="3" type="stmt"/>
        <line num="3" count="3" type="stmt"/>
        <line num="4" count="2" type="stmt"/>
        <line num="6" count="0" type="stmt"/>
      </file>
    </package>
    <package name="widgets.search">
      <metrics statements="6" coveredstatements="5" conditionals="0" coveredconditionals="0" methods="4" coveredmethods="3"/>
      <file name="Search.tsx" path="D:\web\Studying\RS School\RS SCHOOL (React course)\react-components\src\widgets\search\Search.tsx">
        <metrics statements="6" coveredstatements="5" conditionals="0" coveredconditionals="0" methods="4" coveredmethods="3"/>
        <line num="9" count="2" type="stmt"/>
        <line num="13" count="2" type="stmt"/>
        <line num="14" count="0" type="stmt"/>
        <line num="18" count="2" type="stmt"/>
        <line num="22" count="2" type="stmt"/>
        <line num="26" count="4" type="stmt"/>
      </file>
    </package>
  </project>
</coverage>
