{"D:\\web\\Studying\\RS School\\RS SCHOOL (React course)\\react-components\\src\\app\\App.tsx": {"path":"D:\\web\\Studying\\RS School\\RS SCHOOL (React course)\\react-components\\src\\app\\App.tsx","statementMap":{"0":{"start":{"line":7,"column":4},"end":{"line":12,"column":6}}},"fnMap":{"0":{"name":"(anonymous_0)","decl":{"start":{"line":6,"column":2},"end":{"line":6,"column":3}},"loc":{"start":{"line":6,"column":11},"end":{"line":13,"column":3}},"line":6}},"branchMap":{},"s":{"0":0},"f":{"0":0},"b":{}}
,"D:\\web\\Studying\\RS School\\RS SCHOOL (React course)\\react-components\\src\\pages\\Main\\Main.tsx": {"path":"D:\\web\\Studying\\RS School\\RS SCHOOL (React course)\\react-components\\src\\pages\\Main\\Main.tsx","statementMap":{"0":{"start":{"line":7,"column":4},"end":{"line":12,"column":6}}},"fnMap":{"0":{"name":"(anonymous_0)","decl":{"start":{"line":6,"column":2},"end":{"line":6,"column":3}},"loc":{"start":{"line":6,"column":11},"end":{"line":13,"column":3}},"line":6}},"branchMap":{},"s":{"0":2},"f":{"0":2},"b":{},"_coverageSchema":"1a1c01bbd47fc00a2c39e90264f33305004495a9","hash":"ae68912b06a8bfdbd4f0c87603ea299a29353464"}
,"D:\\web\\Studying\\RS School\\RS SCHOOL (React course)\\react-components\\src\\widgets\\products\\Products.tsx": {"path":"D:\\web\\Studying\\RS School\\RS SCHOOL (React course)\\react-components\\src\\widgets\\products\\Products.tsx","statementMap":{"0":{"start":{"line":21,"column":8},"end":{"line":21,"column":43}},"1":{"start":{"line":23,"column":10},"end":{"line":25,"column":3}},"2":{"start":{"line":28,"column":33},"end":{"line":28,"column":60}},"3":{"start":{"line":29,"column":4},"end":{"line":29,"column":42}},"4":{"start":{"line":33,"column":21},"end":{"line":33,"column":40}},"5":{"start":{"line":34,"column":4},"end":{"line":53,"column":6}},"6":{"start":{"line":37,"column":10},"end":{"line":50,"column":12}}},"fnMap":{"0":{"name":"(anonymous_0)","decl":{"start":{"line":27,"column":2},"end":{"line":27,"column":3}},"loc":{"start":{"line":27,"column":28},"end":{"line":30,"column":3}},"line":27},"1":{"name":"(anonymous_1)","decl":{"start":{"line":32,"column":2},"end":{"line":32,"column":3}},"loc":{"start":{"line":32,"column":11},"end":{"line":54,"column":3}},"line":32},"2":{"name":"(anonymous_2)","decl":{"start":{"line":36,"column":22},"end":{"line":36,"column":23}},"loc":{"start":{"line":36,"column":45},"end":{"line":51,"column":9}},"line":36}},"branchMap":{},"s":{"0":2,"1":2,"2":2,"3":1,"4":3,"5":3,"6":2},"f":{"0":2,"1":3,"2":2},"b":{},"_coverageSchema":"1a1c01bbd47fc00a2c39e90264f33305004495a9","hash":"d75eb89e30c484d04cbaeb8447bf84f7caa1bc98"}
,"D:\\web\\Studying\\RS School\\RS SCHOOL (React course)\\react-components\\src\\widgets\\products\\api\\ProductsApi.tsx": {"path":"D:\\web\\Studying\\RS School\\RS SCHOOL (React course)\\react-components\\src\\widgets\\products\\api\\ProductsApi.tsx","statementMap":{"0":{"start":{"line":2,"column":2},"end":{"line":7,"column":3}},"1":{"start":{"line":3,"column":16},"end":{"line":3,"column":32}},"2":{"start":{"line":4,"column":4},"end":{"line":4,"column":28}},"3":{"start":{"line":6,"column":4},"end":{"line":6,"column":22}}},"fnMap":{"0":{"name":"getProducts","decl":{"start":{"line":1,"column":15},"end":{"line":1,"column":26}},"loc":{"start":{"line":1,"column":55},"end":{"line":8,"column":1}},"line":1}},"branchMap":{},"s":{"0":3,"1":3,"2":2,"3":0},"f":{"0":3},"b":{},"_coverageSchema":"1a1c01bbd47fc00a2c39e90264f33305004495a9","hash":"1d56db64e56d4aacbf062387b5fdd7fe735c1b74"}
,"D:\\web\\Studying\\RS School\\RS SCHOOL (React course)\\react-components\\src\\widgets\\search\\Search.tsx": {"path":"D:\\web\\Studying\\RS School\\RS SCHOOL (React course)\\react-components\\src\\widgets\\search\\Search.tsx","statementMap":{"0":{"start":{"line":9,"column":10},"end":{"line":11,"column":3}},"1":{"start":{"line":13,"column":13},"end":{"line":15,"column":3}},"2":{"start":{"line":14,"column":4},"end":{"line":14,"column":51}},"3":{"start":{"line":18,"column":4},"end":{"line":18,"column":40}},"4":{"start":{"line":22,"column":4},"end":{"line":22,"column":30}},"5":{"start":{"line":26,"column":4},"end":{"line":36,"column":6}}},"fnMap":{"0":{"name":"(anonymous_0)","decl":{"start":{"line":13,"column":13},"end":{"line":13,"column":14}},"loc":{"start":{"line":13,"column":61},"end":{"line":15,"column":3}},"line":13},"1":{"name":"(anonymous_1)","decl":{"start":{"line":17,"column":2},"end":{"line":17,"column":3}},"loc":{"start":{"line":17,"column":22},"end":{"line":19,"column":3}},"line":17},"2":{"name":"(anonymous_2)","decl":{"start":{"line":21,"column":2},"end":{"line":21,"column":3}},"loc":{"start":{"line":21,"column":25},"end":{"line":23,"column":3}},"line":21},"3":{"name":"(anonymous_3)","decl":{"start":{"line":25,"column":2},"end":{"line":25,"column":3}},"loc":{"start":{"line":25,"column":11},"end":{"line":37,"column":3}},"line":25}},"branchMap":{},"s":{"0":2,"1":2,"2":0,"3":2,"4":2,"5":4},"f":{"0":0,"1":2,"2":2,"3":4},"b":{},"_coverageSchema":"1a1c01bbd47fc00a2c39e90264f33305004495a9","hash":"62d2277774fa275664392ecbc881e3ce5ddaa656"}
}
