{"D:\\web\\Studying\\RS School\\RS SCHOOL (React course)\\react-components\\src\\index.tsx": {"path":"D:\\web\\Studying\\RS School\\RS SCHOOL (React course)\\react-components\\src\\index.tsx","statementMap":{"0":{"start":{"line":7,"column":20},"end":{"line":7,"column":66}},"1":{"start":{"line":8,"column":13},"end":{"line":8,"column":45}},"2":{"start":{"line":9,"column":0},"end":{"line":13,"column":2}}},"fnMap":{},"branchMap":{},"s":{"0":0,"1":0,"2":0},"f":{},"b":{}}
,"D:\\web\\Studying\\RS School\\RS SCHOOL (React course)\\react-components\\src\\app\\App.tsx": {"path":"D:\\web\\Studying\\RS School\\RS SCHOOL (React course)\\react-components\\src\\app\\App.tsx","statementMap":{"0":{"start":{"line":7,"column":4},"end":{"line":12,"column":6}}},"fnMap":{"0":{"name":"(anonymous_0)","decl":{"start":{"line":6,"column":2},"end":{"line":6,"column":3}},"loc":{"start":{"line":6,"column":11},"end":{"line":13,"column":3}},"line":6}},"branchMap":{},"s":{"0":0},"f":{"0":0},"b":{}}
,"D:\\web\\Studying\\RS School\\RS SCHOOL (React course)\\react-components\\src\\pages\\about.tsx": {"path":"D:\\web\\Studying\\RS School\\RS SCHOOL (React course)\\react-components\\src\\pages\\about.tsx","statementMap":{"0":{"start":{"line":5,"column":4},"end":{"line":11,"column":6}}},"fnMap":{"0":{"name":"(anonymous_0)","decl":{"start":{"line":4,"column":2},"end":{"line":4,"column":3}},"loc":{"start":{"line":4,"column":11},"end":{"line":12,"column":3}},"line":4}},"branchMap":{},"s":{"0":0},"f":{"0":0},"b":{}}
,"D:\\web\\Studying\\RS School\\RS SCHOOL (React course)\\react-components\\src\\pages\\error.tsx": {"path":"D:\\web\\Studying\\RS School\\RS SCHOOL (React course)\\react-components\\src\\pages\\error.tsx","statementMap":{"0":{"start":{"line":5,"column":4},"end":{"line":7,"column":6}}},"fnMap":{"0":{"name":"(anonymous_0)","decl":{"start":{"line":4,"column":2},"end":{"line":4,"column":3}},"loc":{"start":{"line":4,"column":11},"end":{"line":8,"column":3}},"line":4}},"branchMap":{},"s":{"0":0},"f":{"0":0},"b":{}}
,"D:\\web\\Studying\\RS School\\RS SCHOOL (React course)\\react-components\\src\\pages\\forms.tsx": {"path":"D:\\web\\Studying\\RS School\\RS SCHOOL (React course)\\react-components\\src\\pages\\forms.tsx","statementMap":{"0":{"start":{"line":10,"column":4},"end":{"line":10,"column":17}},"1":{"start":{"line":14,"column":4},"end":{"line":18,"column":6}}},"fnMap":{"0":{"name":"(anonymous_0)","decl":{"start":{"line":9,"column":2},"end":{"line":9,"column":3}},"loc":{"start":{"line":9,"column":29},"end":{"line":11,"column":3}},"line":9},"1":{"name":"(anonymous_1)","decl":{"start":{"line":13,"column":2},"end":{"line":13,"column":3}},"loc":{"start":{"line":13,"column":11},"end":{"line":19,"column":3}},"line":13}},"branchMap":{},"s":{"0":2,"1":2},"f":{"0":2,"1":2},"b":{},"_coverageSchema":"1a1c01bbd47fc00a2c39e90264f33305004495a9","hash":"642811128c31ae33952061b58a15abe08b7d86eb"}
,"D:\\web\\Studying\\RS School\\RS SCHOOL (React course)\\react-components\\src\\pages\\main.tsx": {"path":"D:\\web\\Studying\\RS School\\RS SCHOOL (React course)\\react-components\\src\\pages\\main.tsx","statementMap":{"0":{"start":{"line":7,"column":4},"end":{"line":12,"column":6}}},"fnMap":{"0":{"name":"(anonymous_0)","decl":{"start":{"line":6,"column":2},"end":{"line":6,"column":3}},"loc":{"start":{"line":6,"column":11},"end":{"line":13,"column":3}},"line":6}},"branchMap":{},"s":{"0":2},"f":{"0":2},"b":{},"_coverageSchema":"1a1c01bbd47fc00a2c39e90264f33305004495a9","hash":"746f817c6fd53911d9103f6afea27b16520c0cb5"}
,"D:\\web\\Studying\\RS School\\RS SCHOOL (React course)\\react-components\\src\\widgets\\cards\\products.tsx": {"path":"D:\\web\\Studying\\RS School\\RS SCHOOL (React course)\\react-components\\src\\widgets\\cards\\products.tsx","statementMap":{"0":{"start":{"line":20,"column":8},"end":{"line":20,"column":43}},"1":{"start":{"line":22,"column":10},"end":{"line":24,"column":3}},"2":{"start":{"line":27,"column":33},"end":{"line":27,"column":60}},"3":{"start":{"line":28,"column":4},"end":{"line":28,"column":42}},"4":{"start":{"line":32,"column":21},"end":{"line":32,"column":40}},"5":{"start":{"line":33,"column":4},"end":{"line":52,"column":6}},"6":{"start":{"line":36,"column":10},"end":{"line":49,"column":12}}},"fnMap":{"0":{"name":"(anonymous_0)","decl":{"start":{"line":26,"column":2},"end":{"line":26,"column":3}},"loc":{"start":{"line":26,"column":28},"end":{"line":29,"column":3}},"line":26},"1":{"name":"(anonymous_1)","decl":{"start":{"line":31,"column":2},"end":{"line":31,"column":3}},"loc":{"start":{"line":31,"column":11},"end":{"line":53,"column":3}},"line":31},"2":{"name":"(anonymous_2)","decl":{"start":{"line":35,"column":22},"end":{"line":35,"column":23}},"loc":{"start":{"line":35,"column":45},"end":{"line":50,"column":9}},"line":35}},"branchMap":{},"s":{"0":2,"1":2,"2":2,"3":1,"4":3,"5":3,"6":2},"f":{"0":2,"1":3,"2":2},"b":{},"_coverageSchema":"1a1c01bbd47fc00a2c39e90264f33305004495a9","hash":"6de5120157f152966fe3116c6702eda46a712ff5"}
,"D:\\web\\Studying\\RS School\\RS SCHOOL (React course)\\react-components\\src\\widgets\\cards\\api\\products-api.tsx": {"path":"D:\\web\\Studying\\RS School\\RS SCHOOL (React course)\\react-components\\src\\widgets\\cards\\api\\products-api.tsx","statementMap":{"0":{"start":{"line":2,"column":2},"end":{"line":7,"column":3}},"1":{"start":{"line":3,"column":16},"end":{"line":3,"column":32}},"2":{"start":{"line":4,"column":4},"end":{"line":4,"column":28}},"3":{"start":{"line":6,"column":4},"end":{"line":6,"column":22}}},"fnMap":{"0":{"name":"getProducts","decl":{"start":{"line":1,"column":15},"end":{"line":1,"column":26}},"loc":{"start":{"line":1,"column":55},"end":{"line":8,"column":1}},"line":1}},"branchMap":{},"s":{"0":3,"1":3,"2":2,"3":0},"f":{"0":3},"b":{},"_coverageSchema":"1a1c01bbd47fc00a2c39e90264f33305004495a9","hash":"fb95ceb0236809eab1caa4969f91570fa014b755"}
,"D:\\web\\Studying\\RS School\\RS SCHOOL (React course)\\react-components\\src\\widgets\\form-component\\form.tsx": {"path":"D:\\web\\Studying\\RS School\\RS SCHOOL (React course)\\react-components\\src\\widgets\\form-component\\form.tsx","statementMap":{"0":{"start":{"line":37,"column":4},"end":{"line":37,"column":17}},"1":{"start":{"line":38,"column":4},"end":{"line":38,"column":37}},"2":{"start":{"line":39,"column":4},"end":{"line":39,"column":37}},"3":{"start":{"line":40,"column":4},"end":{"line":40,"column":37}},"4":{"start":{"line":41,"column":4},"end":{"line":41,"column":37}},"5":{"start":{"line":42,"column":4},"end":{"line":42,"column":39}},"6":{"start":{"line":43,"column":4},"end":{"line":43,"column":40}},"7":{"start":{"line":44,"column":4},"end":{"line":44,"column":39}},"8":{"start":{"line":45,"column":4},"end":{"line":45,"column":39}},"9":{"start":{"line":46,"column":4},"end":{"line":55,"column":6}},"10":{"start":{"line":59,"column":24},"end":{"line":65,"column":5}},"11":{"start":{"line":66,"column":17},"end":{"line":66,"column":44}},"12":{"start":{"line":67,"column":19},"end":{"line":67,"column":35}},"13":{"start":{"line":69,"column":4},"end":{"line":74,"column":5}},"14":{"start":{"line":70,"column":6},"end":{"line":70,"column":41}},"15":{"start":{"line":72,"column":6},"end":{"line":72,"column":42}},"16":{"start":{"line":73,"column":6},"end":{"line":73,"column":27}},"17":{"start":{"line":76,"column":4},"end":{"line":81,"column":5}},"18":{"start":{"line":77,"column":6},"end":{"line":77,"column":41}},"19":{"start":{"line":79,"column":6},"end":{"line":79,"column":42}},"20":{"start":{"line":80,"column":6},"end":{"line":80,"column":49}},"21":{"start":{"line":83,"column":4},"end":{"line":88,"column":5}},"22":{"start":{"line":84,"column":6},"end":{"line":84,"column":41}},"23":{"start":{"line":86,"column":6},"end":{"line":86,"column":42}},"24":{"start":{"line":87,"column":6},"end":{"line":87,"column":45}},"25":{"start":{"line":90,"column":4},"end":{"line":95,"column":5}},"26":{"start":{"line":91,"column":6},"end":{"line":91,"column":43}},"27":{"start":{"line":93,"column":6},"end":{"line":93,"column":44}},"28":{"start":{"line":94,"column":6},"end":{"line":94,"column":39}},"29":{"start":{"line":94,"column":18},"end":{"line":94,"column":39}},"30":{"start":{"line":97,"column":4},"end":{"line":103,"column":5}},"31":{"start":{"line":98,"column":6},"end":{"line":98,"column":43}},"32":{"start":{"line":100,"column":6},"end":{"line":100,"column":44}},"33":{"start":{"line":101,"column":21},"end":{"line":101,"column":39}},"34":{"start":{"line":102,"column":6},"end":{"line":102,"column":36}},"35":{"start":{"line":102,"column":18},"end":{"line":102,"column":36}},"36":{"start":{"line":105,"column":4},"end":{"line":116,"column":5}},"37":{"start":{"line":106,"column":6},"end":{"line":106,"column":44}},"38":{"start":{"line":108,"column":6},"end":{"line":108,"column":45}},"39":{"start":{"line":109,"column":6},"end":{"line":115,"column":7}},"40":{"start":{"line":109,"column":47},"end":{"line":109,"column":53}},"41":{"start":{"line":110,"column":21},"end":{"line":110,"column":56}},"42":{"start":{"line":111,"column":8},"end":{"line":111,"column":24}},"43":{"start":{"line":112,"column":8},"end":{"line":112,"column":39}},"44":{"start":{"line":113,"column":8},"end":{"line":113,"column":44}},"45":{"start":{"line":114,"column":8},"end":{"line":114,"column":25}},"46":{"start":{"line":120,"column":4},"end":{"line":137,"column":5}},"47":{"start":{"line":129,"column":6},"end":{"line":129,"column":38}},"48":{"start":{"line":130,"column":6},"end":{"line":130,"column":38}},"49":{"start":{"line":131,"column":6},"end":{"line":131,"column":38}},"50":{"start":{"line":132,"column":6},"end":{"line":132,"column":43}},"51":{"start":{"line":133,"column":6},"end":{"line":133,"column":45}},"52":{"start":{"line":134,"column":6},"end":{"line":134,"column":46}},"53":{"start":{"line":135,"column":6},"end":{"line":135,"column":40}},"54":{"start":{"line":136,"column":6},"end":{"line":136,"column":34}},"55":{"start":{"line":141,"column":4},"end":{"line":143,"column":30}},"56":{"start":{"line":143,"column":23},"end":{"line":143,"column":28}},"57":{"start":{"line":147,"column":4},"end":{"line":147,"column":93}},"58":{"start":{"line":147,"column":62},"end":{"line":147,"column":93}},"59":{"start":{"line":148,"column":4},"end":{"line":148,"column":99}},"60":{"start":{"line":148,"column":66},"end":{"line":148,"column":99}},"61":{"start":{"line":152,"column":4},"end":{"line":152,"column":23}},"62":{"start":{"line":153,"column":4},"end":{"line":153,"column":24}},"63":{"start":{"line":157,"column":4},"end":{"line":162,"column":5}},"64":{"start":{"line":158,"column":19},"end":{"line":158,"column":51}},"65":{"start":{"line":159,"column":6},"end":{"line":161,"column":7}},"66":{"start":{"line":160,"column":8},"end":{"line":160,"column":52}},"67":{"start":{"line":166,"column":4},"end":{"line":262,"column":6}},"68":{"start":{"line":227,"column":20},"end":{"line":229,"column":21}},"69":{"start":{"line":228,"column":22},"end":{"line":228,"column":85}},"70":{"start":{"line":252,"column":30},"end":{"line":252,"column":50}}},"fnMap":{"0":{"name":"(anonymous_0)","decl":{"start":{"line":36,"column":2},"end":{"line":36,"column":3}},"loc":{"start":{"line":36,"column":29},"end":{"line":56,"column":3}},"line":36},"1":{"name":"(anonymous_1)","decl":{"start":{"line":58,"column":2},"end":{"line":58,"column":3}},"loc":{"start":{"line":58,"column":17},"end":{"line":117,"column":3}},"line":58},"2":{"name":"(anonymous_2)","decl":{"start":{"line":109,"column":36},"end":{"line":109,"column":37}},"loc":{"start":{"line":109,"column":47},"end":{"line":109,"column":53}},"line":109},"3":{"name":"(anonymous_3)","decl":{"start":{"line":119,"column":2},"end":{"line":119,"column":3}},"loc":{"start":{"line":119,"column":14},"end":{"line":138,"column":3}},"line":119},"4":{"name":"(anonymous_4)","decl":{"start":{"line":140,"column":2},"end":{"line":140,"column":3}},"loc":{"start":{"line":140,"column":19},"end":{"line":144,"column":3}},"line":140},"5":{"name":"(anonymous_5)","decl":{"start":{"line":143,"column":12},"end":{"line":143,"column":13}},"loc":{"start":{"line":143,"column":23},"end":{"line":143,"column":28}},"line":143},"6":{"name":"(anonymous_6)","decl":{"start":{"line":146,"column":2},"end":{"line":146,"column":3}},"loc":{"start":{"line":146,"column":14},"end":{"line":149,"column":3}},"line":146},"7":{"name":"(anonymous_7)","decl":{"start":{"line":151,"column":2},"end":{"line":151,"column":3}},"loc":{"start":{"line":151,"column":55},"end":{"line":154,"column":3}},"line":151},"8":{"name":"(anonymous_8)","decl":{"start":{"line":156,"column":2},"end":{"line":156,"column":3}},"loc":{"start":{"line":156,"column":16},"end":{"line":163,"column":3}},"line":156},"9":{"name":"(anonymous_9)","decl":{"start":{"line":165,"column":2},"end":{"line":165,"column":3}},"loc":{"start":{"line":165,"column":11},"end":{"line":263,"column":3}},"line":165},"10":{"name":"(anonymous_10)","decl":{"start":{"line":226,"column":28},"end":{"line":226,"column":29}},"loc":{"start":{"line":226,"column":34},"end":{"line":230,"column":19}},"line":226},"11":{"name":"(anonymous_11)","decl":{"start":{"line":252,"column":23},"end":{"line":252,"column":24}},"loc":{"start":{"line":252,"column":30},"end":{"line":252,"column":50}},"line":252}},"branchMap":{"0":{"loc":{"start":{"line":69,"column":4},"end":{"line":74,"column":5}},"type":"if","locations":[{"start":{"line":69,"column":4},"end":{"line":74,"column":5}},{"start":{"line":71,"column":11},"end":{"line":74,"column":5}}],"line":69},"1":{"loc":{"start":{"line":69,"column":8},"end":{"line":69,"column":70}},"type":"binary-expr","locations":[{"start":{"line":69,"column":8},"end":{"line":69,"column":61}},{"start":{"line":69,"column":65},"end":{"line":69,"column":70}}],"line":69},"2":{"loc":{"start":{"line":76,"column":4},"end":{"line":81,"column":5}},"type":"if","locations":[{"start":{"line":76,"column":4},"end":{"line":81,"column":5}},{"start":{"line":78,"column":11},"end":{"line":81,"column":5}}],"line":76},"3":{"loc":{"start":{"line":83,"column":4},"end":{"line":88,"column":5}},"type":"if","locations":[{"start":{"line":83,"column":4},"end":{"line":88,"column":5}},{"start":{"line":85,"column":11},"end":{"line":88,"column":5}}],"line":83},"4":{"loc":{"start":{"line":90,"column":4},"end":{"line":95,"column":5}},"type":"if","locations":[{"start":{"line":90,"column":4},"end":{"line":95,"column":5}},{"start":{"line":92,"column":11},"end":{"line":95,"column":5}}],"line":90},"5":{"loc":{"start":{"line":90,"column":8},"end":{"line":90,"column":74}},"type":"binary-expr","locations":[{"start":{"line":90,"column":8},"end":{"line":90,"column":38}},{"start":{"line":90,"column":42},"end":{"line":90,"column":74}}],"line":90},"6":{"loc":{"start":{"line":94,"column":6},"end":{"line":94,"column":39}},"type":"if","locations":[{"start":{"line":94,"column":6},"end":{"line":94,"column":39}},{"start":{},"end":{}}],"line":94},"7":{"loc":{"start":{"line":97,"column":4},"end":{"line":103,"column":5}},"type":"if","locations":[{"start":{"line":97,"column":4},"end":{"line":103,"column":5}},{"start":{"line":99,"column":11},"end":{"line":103,"column":5}}],"line":97},"8":{"loc":{"start":{"line":97,"column":8},"end":{"line":97,"column":74}},"type":"binary-expr","locations":[{"start":{"line":97,"column":8},"end":{"line":97,"column":37}},{"start":{"line":97,"column":41},"end":{"line":97,"column":74}}],"line":97},"9":{"loc":{"start":{"line":102,"column":6},"end":{"line":102,"column":36}},"type":"if","locations":[{"start":{"line":102,"column":6},"end":{"line":102,"column":36}},{"start":{},"end":{}}],"line":102},"10":{"loc":{"start":{"line":105,"column":4},"end":{"line":116,"column":5}},"type":"if","locations":[{"start":{"line":105,"column":4},"end":{"line":116,"column":5}},{"start":{"line":107,"column":11},"end":{"line":116,"column":5}}],"line":105},"11":{"loc":{"start":{"line":109,"column":6},"end":{"line":115,"column":7}},"type":"if","locations":[{"start":{"line":109,"column":6},"end":{"line":115,"column":7}},{"start":{},"end":{}}],"line":109},"12":{"loc":{"start":{"line":120,"column":4},"end":{"line":137,"column":5}},"type":"if","locations":[{"start":{"line":120,"column":4},"end":{"line":137,"column":5}},{"start":{},"end":{}}],"line":120},"13":{"loc":{"start":{"line":121,"column":6},"end":{"line":127,"column":35}},"type":"binary-expr","locations":[{"start":{"line":121,"column":6},"end":{"line":121,"column":26}},{"start":{"line":122,"column":6},"end":{"line":122,"column":26}},{"start":{"line":123,"column":6},"end":{"line":123,"column":26}},{"start":{"line":124,"column":6},"end":{"line":124,"column":26}},{"start":{"line":125,"column":6},"end":{"line":125,"column":28}},{"start":{"line":126,"column":6},"end":{"line":126,"column":29}},{"start":{"line":127,"column":6},"end":{"line":127,"column":35}}],"line":121},"14":{"loc":{"start":{"line":147,"column":4},"end":{"line":147,"column":93}},"type":"if","locations":[{"start":{"line":147,"column":4},"end":{"line":147,"column":93}},{"start":{},"end":{}}],"line":147},"15":{"loc":{"start":{"line":147,"column":8},"end":{"line":147,"column":60}},"type":"binary-expr","locations":[{"start":{"line":147,"column":8},"end":{"line":147,"column":28}},{"start":{"line":147,"column":32},"end":{"line":147,"column":60}}],"line":147},"16":{"loc":{"start":{"line":148,"column":4},"end":{"line":148,"column":99}},"type":"if","locations":[{"start":{"line":148,"column":4},"end":{"line":148,"column":99}},{"start":{},"end":{}}],"line":148},"17":{"loc":{"start":{"line":148,"column":8},"end":{"line":148,"column":64}},"type":"binary-expr","locations":[{"start":{"line":148,"column":8},"end":{"line":148,"column":30}},{"start":{"line":148,"column":34},"end":{"line":148,"column":64}}],"line":148},"18":{"loc":{"start":{"line":157,"column":4},"end":{"line":162,"column":5}},"type":"if","locations":[{"start":{"line":157,"column":4},"end":{"line":162,"column":5}},{"start":{},"end":{}}],"line":157},"19":{"loc":{"start":{"line":159,"column":6},"end":{"line":161,"column":7}},"type":"if","locations":[{"start":{"line":159,"column":6},"end":{"line":161,"column":7}},{"start":{},"end":{}}],"line":159},"20":{"loc":{"start":{"line":176,"column":13},"end":{"line":176,"column":88}},"type":"binary-expr","locations":[{"start":{"line":176,"column":13},"end":{"line":176,"column":33}},{"start":{"line":176,"column":37},"end":{"line":176,"column":88}}],"line":176},"21":{"loc":{"start":{"line":184,"column":13},"end":{"line":184,"column":82}},"type":"binary-expr","locations":[{"start":{"line":184,"column":13},"end":{"line":184,"column":33}},{"start":{"line":184,"column":37},"end":{"line":184,"column":82}}],"line":184},"22":{"loc":{"start":{"line":200,"column":13},"end":{"line":200,"column":93}},"type":"binary-expr","locations":[{"start":{"line":200,"column":13},"end":{"line":200,"column":33}},{"start":{"line":200,"column":37},"end":{"line":200,"column":93}}],"line":200},"23":{"loc":{"start":{"line":215,"column":13},"end":{"line":215,"column":88}},"type":"binary-expr","locations":[{"start":{"line":215,"column":13},"end":{"line":215,"column":35}},{"start":{"line":215,"column":39},"end":{"line":215,"column":88}}],"line":215},"24":{"loc":{"start":{"line":227,"column":20},"end":{"line":229,"column":21}},"type":"if","locations":[{"start":{"line":227,"column":20},"end":{"line":229,"column":21}},{"start":{},"end":{}}],"line":227},"25":{"loc":{"start":{"line":227,"column":24},"end":{"line":227,"column":89}},"type":"binary-expr","locations":[{"start":{"line":227,"column":24},"end":{"line":227,"column":53}},{"start":{"line":227,"column":57},"end":{"line":227,"column":89}}],"line":227},"26":{"loc":{"start":{"line":236,"column":13},"end":{"line":236,"column":83}},"type":"binary-expr","locations":[{"start":{"line":236,"column":13},"end":{"line":236,"column":35}},{"start":{"line":236,"column":39},"end":{"line":236,"column":83}}],"line":236},"27":{"loc":{"start":{"line":245,"column":13},"end":{"line":245,"column":88}},"type":"binary-expr","locations":[{"start":{"line":245,"column":13},"end":{"line":245,"column":36}},{"start":{"line":245,"column":40},"end":{"line":245,"column":88}}],"line":245}},"s":{"0":2,"1":2,"2":2,"3":2,"4":2,"5":2,"6":2,"7":2,"8":2,"9":2,"10":1,"11":1,"12":1,"13":1,"14":1,"15":0,"16":0,"17":1,"18":1,"19":0,"20":0,"21":1,"22":1,"23":0,"24":0,"25":1,"26":1,"27":0,"28":0,"29":0,"30":1,"31":1,"32":0,"33":0,"34":0,"35":0,"36":1,"37":1,"38":0,"39":0,"40":0,"41":0,"42":0,"43":0,"44":0,"45":0,"46":0,"47":0,"48":0,"49":0,"50":0,"51":0,"52":0,"53":0,"54":0,"55":0,"56":0,"57":1,"58":0,"59":1,"60":0,"61":1,"62":1,"63":0,"64":0,"65":0,"66":0,"67":3,"68":0,"69":0,"70":1},"f":{"0":2,"1":1,"2":0,"3":0,"4":0,"5":0,"6":1,"7":1,"8":0,"9":3,"10":0,"11":1},"b":{"0":[1,0],"1":[1,1],"2":[1,0],"3":[1,0],"4":[1,0],"5":[1,1],"6":[0,0],"7":[1,0],"8":[1,1],"9":[0,0],"10":[1,0],"11":[0,0],"12":[0,0],"13":[0,0,0,0,0,0,0],"14":[0,1],"15":[1,1],"16":[0,1],"17":[1,1],"18":[0,0],"19":[0,0],"20":[3,1],"21":[3,1],"22":[3,1],"23":[3,1],"24":[0,0],"25":[0,0],"26":[3,1],"27":[3,1]},"_coverageSchema":"1a1c01bbd47fc00a2c39e90264f33305004495a9","hash":"ad1e9b8fe61d76f99d4f23bfbf4b1ec017337094"}
,"D:\\web\\Studying\\RS School\\RS SCHOOL (React course)\\react-components\\src\\widgets\\navigation\\nav.tsx": {"path":"D:\\web\\Studying\\RS School\\RS SCHOOL (React course)\\react-components\\src\\widgets\\navigation\\nav.tsx","statementMap":{"0":{"start":{"line":6,"column":4},"end":{"line":12,"column":6}}},"fnMap":{"0":{"name":"(anonymous_0)","decl":{"start":{"line":5,"column":2},"end":{"line":5,"column":3}},"loc":{"start":{"line":5,"column":11},"end":{"line":13,"column":3}},"line":5}},"branchMap":{},"s":{"0":0},"f":{"0":0},"b":{}}
,"D:\\web\\Studying\\RS School\\RS SCHOOL (React course)\\react-components\\src\\widgets\\router\\app-router.tsx": {"path":"D:\\web\\Studying\\RS School\\RS SCHOOL (React course)\\react-components\\src\\widgets\\router\\app-router.tsx","statementMap":{"0":{"start":{"line":10,"column":4},"end":{"line":18,"column":6}}},"fnMap":{"0":{"name":"(anonymous_0)","decl":{"start":{"line":9,"column":2},"end":{"line":9,"column":3}},"loc":{"start":{"line":9,"column":11},"end":{"line":19,"column":3}},"line":9}},"branchMap":{},"s":{"0":0},"f":{"0":0},"b":{}}
,"D:\\web\\Studying\\RS School\\RS SCHOOL (React course)\\react-components\\src\\widgets\\search-input\\search.tsx": {"path":"D:\\web\\Studying\\RS School\\RS SCHOOL (React course)\\react-components\\src\\widgets\\search-input\\search.tsx","statementMap":{"0":{"start":{"line":7,"column":10},"end":{"line":9,"column":3}},"1":{"start":{"line":11,"column":13},"end":{"line":13,"column":3}},"2":{"start":{"line":12,"column":4},"end":{"line":12,"column":51}},"3":{"start":{"line":16,"column":4},"end":{"line":16,"column":40}},"4":{"start":{"line":20,"column":4},"end":{"line":20,"column":30}},"5":{"start":{"line":24,"column":4},"end":{"line":34,"column":6}}},"fnMap":{"0":{"name":"(anonymous_0)","decl":{"start":{"line":11,"column":13},"end":{"line":11,"column":14}},"loc":{"start":{"line":11,"column":61},"end":{"line":13,"column":3}},"line":11},"1":{"name":"(anonymous_1)","decl":{"start":{"line":15,"column":2},"end":{"line":15,"column":3}},"loc":{"start":{"line":15,"column":22},"end":{"line":17,"column":3}},"line":15},"2":{"name":"(anonymous_2)","decl":{"start":{"line":19,"column":2},"end":{"line":19,"column":3}},"loc":{"start":{"line":19,"column":25},"end":{"line":21,"column":3}},"line":19},"3":{"name":"(anonymous_3)","decl":{"start":{"line":23,"column":2},"end":{"line":23,"column":3}},"loc":{"start":{"line":23,"column":11},"end":{"line":35,"column":3}},"line":23}},"branchMap":{},"s":{"0":2,"1":2,"2":0,"3":2,"4":2,"5":4},"f":{"0":0,"1":2,"2":2,"3":4},"b":{},"_coverageSchema":"1a1c01bbd47fc00a2c39e90264f33305004495a9","hash":"a2497a24fae85c037f3239c285f1e515a0e6cf06"}
,"D:\\web\\Studying\\RS School\\RS SCHOOL (React course)\\react-components\\src\\widgets\\search-input\\utils\\utils.tsx": {"path":"D:\\web\\Studying\\RS School\\RS SCHOOL (React course)\\react-components\\src\\widgets\\search-input\\utils\\utils.tsx","statementMap":{"0":{"start":{"line":2,"column":2},"end":{"line":2,"column":59}},"1":{"start":{"line":6,"column":15},"end":{"line":6,"column":48}},"2":{"start":{"line":7,"column":2},"end":{"line":9,"column":3}},"3":{"start":{"line":8,"column":4},"end":{"line":8,"column":28}},"4":{"start":{"line":10,"column":2},"end":{"line":10,"column":12}}},"fnMap":{"0":{"name":"setState","decl":{"start":{"line":1,"column":9},"end":{"line":1,"column":17}},"loc":{"start":{"line":1,"column":33},"end":{"line":3,"column":1}},"line":1},"1":{"name":"getState","decl":{"start":{"line":5,"column":9},"end":{"line":5,"column":17}},"loc":{"start":{"line":5,"column":20},"end":{"line":11,"column":1}},"line":5}},"branchMap":{"0":{"loc":{"start":{"line":7,"column":2},"end":{"line":9,"column":3}},"type":"if","locations":[{"start":{"line":7,"column":2},"end":{"line":9,"column":3}},{"start":{},"end":{}}],"line":7}},"s":{"0":2,"1":2,"2":2,"3":1,"4":1},"f":{"0":2,"1":2},"b":{"0":[1,1]},"_coverageSchema":"1a1c01bbd47fc00a2c39e90264f33305004495a9","hash":"61bc7c4ca0b3c73738ec4601f86fbf94a77c5b96"}
,"D:\\web\\Studying\\RS School\\RS SCHOOL (React course)\\react-components\\src\\widgets\\user\\user-card.tsx": {"path":"D:\\web\\Studying\\RS School\\RS SCHOOL (React course)\\react-components\\src\\widgets\\user\\user-card.tsx","statementMap":{"0":{"start":{"line":17,"column":4},"end":{"line":17,"column":17}},"1":{"start":{"line":21,"column":18},"end":{"line":21,"column":34}},"2":{"start":{"line":23,"column":4},"end":{"line":42,"column":5}},"3":{"start":{"line":24,"column":6},"end":{"line":41,"column":8}},"4":{"start":{"line":29,"column":14},"end":{"line":37,"column":16}}},"fnMap":{"0":{"name":"(anonymous_0)","decl":{"start":{"line":16,"column":2},"end":{"line":16,"column":3}},"loc":{"start":{"line":16,"column":29},"end":{"line":18,"column":3}},"line":16},"1":{"name":"(anonymous_1)","decl":{"start":{"line":20,"column":2},"end":{"line":20,"column":3}},"loc":{"start":{"line":20,"column":11},"end":{"line":43,"column":3}},"line":20},"2":{"name":"(anonymous_2)","decl":{"start":{"line":28,"column":23},"end":{"line":28,"column":24}},"loc":{"start":{"line":28,"column":73},"end":{"line":38,"column":13}},"line":28}},"branchMap":{"0":{"loc":{"start":{"line":23,"column":4},"end":{"line":42,"column":5}},"type":"if","locations":[{"start":{"line":23,"column":4},"end":{"line":42,"column":5}},{"start":{},"end":{}}],"line":23}},"s":{"0":2,"1":3,"2":3,"3":0,"4":0},"f":{"0":2,"1":3,"2":0},"b":{"0":[0,3]},"_coverageSchema":"1a1c01bbd47fc00a2c39e90264f33305004495a9","hash":"69b64bc99f232e5bca42f1183ecc48300ed4c5b2"}
}
