{"total": {"lines":{"total":154,"covered":149,"skipped":0,"pct":96.75},"statements":{"total":184,"covered":179,"skipped":0,"pct":97.28},"functions":{"total":66,"covered":62,"skipped":0,"pct":93.93},"branches":{"total":52,"covered":38,"skipped":0,"pct":73.07},"branchesTrue":{"total":0,"covered":0,"skipped":0,"pct":100}}
,"D:\\web\\Studying\\RS School\\RS SCHOOL (React course)\\react-components\\src\\entry-client.tsx": {"lines":{"total":2,"covered":2,"skipped":0,"pct":100},"functions":{"total":1,"covered":1,"skipped":0,"pct":100},"statements":{"total":2,"covered":2,"skipped":0,"pct":100},"branches":{"total":0,"covered":0,"skipped":0,"pct":100}}
,"D:/web/Studying/RS School/RS SCHOOL (React course)/react-components/src/entry-server.tsx": {"lines":{"total":0,"covered":0,"skipped":0,"pct":0},"functions":{"total":0,"covered":0,"skipped":0,"pct":0},"statements":{"total":0,"covered":0,"skipped":0,"pct":0},"branches":{"total":0,"covered":0,"skipped":0,"pct":0}}
,"D:/web/Studying/RS School/RS SCHOOL (React course)/react-components/src/index.test.tsx": {"lines":{"total":0,"covered":0,"skipped":0,"pct":0},"functions":{"total":0,"covered":0,"skipped":0,"pct":0},"statements":{"total":0,"covered":0,"skipped":0,"pct":0},"branches":{"total":0,"covered":0,"skipped":0,"pct":0}}
,"D:\\web\\Studying\\RS School\\RS SCHOOL (React course)\\react-components\\src\\app\\App.tsx": {"lines":{"total":5,"covered":5,"skipped":0,"pct":100},"functions":{"total":2,"covered":2,"skipped":0,"pct":100},"statements":{"total":5,"covered":5,"skipped":0,"pct":100},"branches":{"total":1,"covered":1,"skipped":0,"pct":100}}
,"D:\\web\\Studying\\RS School\\RS SCHOOL (React course)\\react-components\\src\\entities\\loader\\preloader.tsx": {"lines":{"total":5,"covered":5,"skipped":0,"pct":100},"functions":{"total":2,"covered":2,"skipped":0,"pct":100},"statements":{"total":5,"covered":5,"skipped":0,"pct":100},"branches":{"total":1,"covered":1,"skipped":0,"pct":100}}
,"D:/web/Studying/RS School/RS SCHOOL (React course)/react-components/src/entities/user/user.test.tsx": {"lines":{"total":0,"covered":0,"skipped":0,"pct":0},"functions":{"total":0,"covered":0,"skipped":0,"pct":0},"statements":{"total":0,"covered":0,"skipped":0,"pct":0},"branches":{"total":0,"covered":0,"skipped":0,"pct":0}}
,"D:\\web\\Studying\\RS School\\RS SCHOOL (React course)\\react-components\\src\\entities\\user\\user.tsx": {"lines":{"total":5,"covered":5,"skipped":0,"pct":100},"functions":{"total":2,"covered":2,"skipped":0,"pct":100},"statements":{"total":5,"covered":5,"skipped":0,"pct":100},"branches":{"total":1,"covered":1,"skipped":0,"pct":100}}
,"D:/web/Studying/RS School/RS SCHOOL (React course)/react-components/src/pages/about-page/about.test.tsx": {"lines":{"total":0,"covered":0,"skipped":0,"pct":0},"functions":{"total":0,"covered":0,"skipped":0,"pct":0},"statements":{"total":0,"covered":0,"skipped":0,"pct":0},"branches":{"total":0,"covered":0,"skipped":0,"pct":0}}
,"D:\\web\\Studying\\RS School\\RS SCHOOL (React course)\\react-components\\src\\pages\\about-page\\about.tsx": {"lines":{"total":5,"covered":5,"skipped":0,"pct":100},"functions":{"total":2,"covered":2,"skipped":0,"pct":100},"statements":{"total":5,"covered":5,"skipped":0,"pct":100},"branches":{"total":1,"covered":1,"skipped":0,"pct":100}}
,"D:/web/Studying/RS School/RS SCHOOL (React course)/react-components/src/pages/error-page/error.test.tsx": {"lines":{"total":0,"covered":0,"skipped":0,"pct":0},"functions":{"total":0,"covered":0,"skipped":0,"pct":0},"statements":{"total":0,"covered":0,"skipped":0,"pct":0},"branches":{"total":0,"covered":0,"skipped":0,"pct":0}}
,"D:\\web\\Studying\\RS School\\RS SCHOOL (React course)\\react-components\\src\\pages\\error-page\\error.tsx": {"lines":{"total":5,"covered":5,"skipped":0,"pct":100},"functions":{"total":2,"covered":2,"skipped":0,"pct":100},"statements":{"total":5,"covered":5,"skipped":0,"pct":100},"branches":{"total":1,"covered":1,"skipped":0,"pct":100}}
,"D:/web/Studying/RS School/RS SCHOOL (React course)/react-components/src/pages/forms-page/forms.test.tsx": {"lines":{"total":0,"covered":0,"skipped":0,"pct":0},"functions":{"total":0,"covered":0,"skipped":0,"pct":0},"statements":{"total":0,"covered":0,"skipped":0,"pct":0},"branches":{"total":0,"covered":0,"skipped":0,"pct":0}}
,"D:\\web\\Studying\\RS School\\RS SCHOOL (React course)\\react-components\\src\\pages\\forms-page\\forms.tsx": {"lines":{"total":5,"covered":5,"skipped":0,"pct":100},"functions":{"total":2,"covered":2,"skipped":0,"pct":100},"statements":{"total":5,"covered":5,"skipped":0,"pct":100},"branches":{"total":1,"covered":1,"skipped":0,"pct":100}}
,"D:/web/Studying/RS School/RS SCHOOL (React course)/react-components/src/pages/main-page/main.test.tsx": {"lines":{"total":0,"covered":0,"skipped":0,"pct":0},"functions":{"total":0,"covered":0,"skipped":0,"pct":0},"statements":{"total":0,"covered":0,"skipped":0,"pct":0},"branches":{"total":0,"covered":0,"skipped":0,"pct":0}}
,"D:\\web\\Studying\\RS School\\RS SCHOOL (React course)\\react-components\\src\\pages\\main-page\\main.tsx": {"lines":{"total":8,"covered":8,"skipped":0,"pct":100},"functions":{"total":4,"covered":4,"skipped":0,"pct":100},"statements":{"total":13,"covered":13,"skipped":0,"pct":100},"branches":{"total":2,"covered":2,"skipped":0,"pct":100}}
,"D:\\web\\Studying\\RS School\\RS SCHOOL (React course)\\react-components\\src\\processes\\store\\cardIdSlice.tsx": {"lines":{"total":3,"covered":3,"skipped":0,"pct":100},"functions":{"total":1,"covered":1,"skipped":0,"pct":100},"statements":{"total":3,"covered":3,"skipped":0,"pct":100},"branches":{"total":0,"covered":0,"skipped":0,"pct":100}}
,"D:\\web\\Studying\\RS School\\RS SCHOOL (React course)\\react-components\\src\\processes\\store\\cardsApi.tsx": {"lines":{"total":5,"covered":5,"skipped":0,"pct":100},"functions":{"total":3,"covered":3,"skipped":0,"pct":100},"statements":{"total":5,"covered":5,"skipped":0,"pct":100},"branches":{"total":1,"covered":0,"skipped":0,"pct":0}}
,"D:\\web\\Studying\\RS School\\RS SCHOOL (React course)\\react-components\\src\\processes\\store\\index.tsx": {"lines":{"total":2,"covered":2,"skipped":0,"pct":100},"functions":{"total":1,"covered":1,"skipped":0,"pct":100},"statements":{"total":2,"covered":2,"skipped":0,"pct":100},"branches":{"total":0,"covered":0,"skipped":0,"pct":100}}
,"D:\\web\\Studying\\RS School\\RS SCHOOL (React course)\\react-components\\src\\processes\\store\\searchTextSlice.tsx": {"lines":{"total":3,"covered":3,"skipped":0,"pct":100},"functions":{"total":1,"covered":1,"skipped":0,"pct":100},"statements":{"total":3,"covered":3,"skipped":0,"pct":100},"branches":{"total":0,"covered":0,"skipped":0,"pct":100}}
,"D:\\web\\Studying\\RS School\\RS SCHOOL (React course)\\react-components\\src\\processes\\store\\usersSlice.tsx": {"lines":{"total":3,"covered":3,"skipped":0,"pct":100},"functions":{"total":1,"covered":1,"skipped":0,"pct":100},"statements":{"total":3,"covered":3,"skipped":0,"pct":100},"branches":{"total":0,"covered":0,"skipped":0,"pct":100}}
,"D:\\web\\Studying\\RS School\\RS SCHOOL (React course)\\react-components\\src\\widgets\\all-users\\users.tsx": {"lines":{"total":8,"covered":8,"skipped":0,"pct":100},"functions":{"total":4,"covered":4,"skipped":0,"pct":100},"statements":{"total":12,"covered":12,"skipped":0,"pct":100},"branches":{"total":2,"covered":2,"skipped":0,"pct":100}}
,"D:/web/Studying/RS School/RS SCHOOL (React course)/react-components/src/widgets/cards/cards.test.tsx": {"lines":{"total":0,"covered":0,"skipped":0,"pct":0},"functions":{"total":0,"covered":0,"skipped":0,"pct":0},"statements":{"total":0,"covered":0,"skipped":0,"pct":0},"branches":{"total":0,"covered":0,"skipped":0,"pct":0}}
,"D:\\web\\Studying\\RS School\\RS SCHOOL (React course)\\react-components\\src\\widgets\\cards\\cards.tsx": {"lines":{"total":13,"covered":13,"skipped":0,"pct":100},"functions":{"total":5,"covered":5,"skipped":0,"pct":100},"statements":{"total":18,"covered":18,"skipped":0,"pct":100},"branches":{"total":4,"covered":4,"skipped":0,"pct":100}}
,"D:/web/Studying/RS School/RS SCHOOL (React course)/react-components/src/widgets/cards/types/types.tsx": {"lines":{"total":0,"covered":0,"skipped":0,"pct":0},"functions":{"total":0,"covered":0,"skipped":0,"pct":0},"statements":{"total":0,"covered":0,"skipped":0,"pct":0},"branches":{"total":0,"covered":0,"skipped":0,"pct":0}}
,"D:/web/Studying/RS School/RS SCHOOL (React course)/react-components/src/widgets/form/form.test.tsx": {"lines":{"total":0,"covered":0,"skipped":0,"pct":0},"functions":{"total":0,"covered":0,"skipped":0,"pct":0},"statements":{"total":0,"covered":0,"skipped":0,"pct":0},"branches":{"total":0,"covered":0,"skipped":0,"pct":0}}
,"D:\\web\\Studying\\RS School\\RS SCHOOL (React course)\\react-components\\src\\widgets\\form\\form.tsx": {"lines":{"total":34,"covered":34,"skipped":0,"pct":100},"functions":{"total":11,"covered":10,"skipped":0,"pct":90.9},"statements":{"total":38,"covered":38,"skipped":0,"pct":100},"branches":{"total":25,"covered":12,"skipped":0,"pct":48}}
,"D:\\web\\Studying\\RS School\\RS SCHOOL (React course)\\react-components\\src\\widgets\\modal\\modal-window.tsx": {"lines":{"total":11,"covered":8,"skipped":0,"pct":72.72},"functions":{"total":5,"covered":3,"skipped":0,"pct":60},"statements":{"total":15,"covered":12,"skipped":0,"pct":80},"branches":{"total":7,"covered":7,"skipped":0,"pct":100}}
,"D:/web/Studying/RS School/RS SCHOOL (React course)/react-components/src/widgets/modal/UI/svg.test.tsx": {"lines":{"total":0,"covered":0,"skipped":0,"pct":0},"functions":{"total":0,"covered":0,"skipped":0,"pct":0},"statements":{"total":0,"covered":0,"skipped":0,"pct":0},"branches":{"total":0,"covered":0,"skipped":0,"pct":0}}
,"D:\\web\\Studying\\RS School\\RS SCHOOL (React course)\\react-components\\src\\widgets\\modal\\UI\\svg.tsx": {"lines":{"total":7,"covered":5,"skipped":0,"pct":71.42},"functions":{"total":3,"covered":2,"skipped":0,"pct":66.66},"statements":{"total":7,"covered":5,"skipped":0,"pct":71.42},"branches":{"total":1,"covered":1,"skipped":0,"pct":100}}
,"D:/web/Studying/RS School/RS SCHOOL (React course)/react-components/src/widgets/navigation/nav.test.tsx": {"lines":{"total":0,"covered":0,"skipped":0,"pct":0},"functions":{"total":0,"covered":0,"skipped":0,"pct":0},"statements":{"total":0,"covered":0,"skipped":0,"pct":0},"branches":{"total":0,"covered":0,"skipped":0,"pct":0}}
,"D:\\web\\Studying\\RS School\\RS SCHOOL (React course)\\react-components\\src\\widgets\\navigation\\nav.tsx": {"lines":{"total":1,"covered":1,"skipped":0,"pct":100},"functions":{"total":1,"covered":1,"skipped":0,"pct":100},"statements":{"total":1,"covered":1,"skipped":0,"pct":100},"branches":{"total":0,"covered":0,"skipped":0,"pct":100}}
,"D:\\web\\Studying\\RS School\\RS SCHOOL (React course)\\react-components\\src\\widgets\\router\\app-router.tsx": {"lines":{"total":1,"covered":1,"skipped":0,"pct":100},"functions":{"total":1,"covered":1,"skipped":0,"pct":100},"statements":{"total":1,"covered":1,"skipped":0,"pct":100},"branches":{"total":0,"covered":0,"skipped":0,"pct":100}}
,"D:/web/Studying/RS School/RS SCHOOL (React course)/react-components/src/widgets/search-input/search.test.tsx": {"lines":{"total":0,"covered":0,"skipped":0,"pct":0},"functions":{"total":0,"covered":0,"skipped":0,"pct":0},"statements":{"total":0,"covered":0,"skipped":0,"pct":0},"branches":{"total":0,"covered":0,"skipped":0,"pct":0}}
,"D:\\web\\Studying\\RS School\\RS SCHOOL (React course)\\react-components\\src\\widgets\\search-input\\search.tsx": {"lines":{"total":12,"covered":12,"skipped":0,"pct":100},"functions":{"total":6,"covered":6,"skipped":0,"pct":100},"statements":{"total":16,"covered":16,"skipped":0,"pct":100},"branches":{"total":4,"covered":4,"skipped":0,"pct":100}}
,"D:\\web\\Studying\\RS School\\RS SCHOOL (React course)\\react-components\\src\\widgets\\search-input\\utils\\utils.tsx": {"lines":{"total":11,"covered":11,"skipped":0,"pct":100},"functions":{"total":6,"covered":6,"skipped":0,"pct":100},"statements":{"total":15,"covered":15,"skipped":0,"pct":100},"branches":{"total":0,"covered":0,"skipped":0,"pct":100}}
}
