TN:
SF:src\index.tsx
FNF:0
FNH:0
DA:7,0
DA:8,0
DA:9,0
LF:3
LH:0
BRF:0
BRH:0
end_of_record
TN:
SF:src\app\App.tsx
FN:5,(anonymous_0)
FNF:1
FNH:0
FNDA:0,(anonymous_0)
DA:5,0
DA:6,0
LF:2
LH:0
BRF:0
BRH:0
end_of_record
TN:
SF:src\pages\about-page\about.tsx
FN:3,(anonymous_0)
FNF:1
FNH:1
FNDA:1,(anonymous_0)
DA:3,1
DA:4,1
LF:2
LH:2
BRF:0
BRH:0
end_of_record
TN:
SF:src\pages\error-page\error.tsx
FN:3,(anonymous_0)
FNF:1
FNH:1
FNDA:1,(anonymous_0)
DA:3,1
DA:4,1
LF:2
LH:2
BRF:0
BRH:0
end_of_record
TN:
SF:src\pages\forms-page\forms.tsx
FN:5,(anonymous_0)
FNF:1
FNH:1
FNDA:2,(anonymous_0)
DA:5,1
DA:6,2
LF:2
LH:2
BRF:0
BRH:0
end_of_record
TN:
SF:src\pages\main-page\main.tsx
FN:5,(anonymous_0)
FNF:1
FNH:1
FNDA:2,(anonymous_0)
DA:5,1
DA:6,2
LF:2
LH:2
BRF:0
BRH:0
end_of_record
TN:
SF:src\widgets\cards\products.tsx
FN:17,(anonymous_0)
FN:21,(anonymous_1)
FN:22,(anonymous_2)
FN:32,(anonymous_3)
FNF:4
FNH:4
FNDA:3,(anonymous_0)
FNDA:2,(anonymous_1)
FNDA:2,(anonymous_2)
FNDA:2,(anonymous_3)
DA:17,1
DA:18,3
DA:19,3
DA:21,3
DA:22,2
DA:23,2
DA:24,1
DA:27,2
DA:30,3
DA:33,2
LF:10
LH:10
BRF:0
BRH:0
end_of_record
TN:
SF:src\widgets\cards\api\products-api.tsx
FN:1,getProducts
FNF:1
FNH:1
FNDA:3,getProducts
DA:2,3
DA:3,3
DA:4,2
DA:6,0
LF:4
LH:3
BRF:0
BRH:0
end_of_record
TN:
SF:src\widgets\form-component\form.tsx
FN:15,(anonymous_0)
FN:29,(anonymous_1)
FN:39,(anonymous_2)
FN:58,(anonymous_3)
FN:99,(anonymous_4)
FN:103,(anonymous_5)
FN:105,(anonymous_6)
FN:122,(anonymous_7)
FNF:8
FNH:2
FNDA:3,(anonymous_0)
FNDA:0,(anonymous_1)
FNDA:0,(anonymous_2)
FNDA:0,(anonymous_3)
FNDA:1,(anonymous_4)
FNDA:0,(anonymous_5)
FNDA:0,(anonymous_6)
FNDA:0,(anonymous_7)
DA:15,1
DA:21,3
DA:23,3
DA:24,3
DA:25,3
DA:26,3
DA:27,3
DA:29,3
DA:30,0
DA:31,0
DA:34,0
DA:35,0
DA:36,0
DA:37,0
DA:39,3
DA:43,0
DA:44,0
DA:45,0
DA:49,3
DA:59,0
DA:100,1
DA:103,0
DA:105,0
DA:123,0
DA:124,0
DA:125,0
DA:126,0
LF:27
LH:11
BRDA:30,0,0,0
BRDA:30,0,1,0
BRDA:31,1,0,0
BRDA:31,1,1,0
BRDA:44,2,0,0
BRDA:44,2,1,0
BRDA:59,3,0,0
BRDA:59,3,1,0
BRDA:63,4,0,3
BRDA:63,4,1,1
BRDA:75,5,0,3
BRDA:75,5,1,1
BRDA:92,6,0,3
BRDA:92,6,1,1
BRDA:100,7,0,1
BRDA:100,7,1,1
BRDA:100,7,2,1
BRDA:110,8,0,3
BRDA:110,8,1,1
BRDA:123,9,0,0
BRDA:123,9,1,0
BRDA:134,10,0,3
BRDA:134,10,1,1
BRDA:147,11,0,3
BRDA:147,11,1,1
BRF:25
BRH:15
end_of_record
TN:
SF:src\widgets\navigation\nav.tsx
FN:5,(anonymous_0)
FNF:1
FNH:0
FNDA:0,(anonymous_0)
DA:6,0
LF:1
LH:0
BRF:0
BRH:0
end_of_record
TN:
SF:src\widgets\router\app-router.tsx
FN:9,(anonymous_0)
FNF:1
FNH:0
FNDA:0,(anonymous_0)
DA:10,0
LF:1
LH:0
BRF:0
BRH:0
end_of_record
TN:
SF:src\widgets\search-input\search.tsx
FN:4,(anonymous_0)
FN:7,(anonymous_1)
FN:11,(anonymous_2)
FN:12,(anonymous_3)
FN:22,(anonymous_4)
FNF:5
FNH:4
FNDA:2,(anonymous_0)
FNDA:2,(anonymous_1)
FNDA:2,(anonymous_2)
FNDA:2,(anonymous_3)
FNDA:0,(anonymous_4)
DA:4,1
DA:5,2
DA:7,2
DA:8,2
DA:11,2
DA:12,2
DA:13,2
DA:17,2
DA:22,0
LF:9
LH:8
BRF:0
BRH:0
end_of_record
TN:
SF:src\widgets\search-input\utils\utils.tsx
FN:1,setState
FN:5,getState
FNF:2
FNH:2
FNDA:2,setState
FNDA:2,getState
DA:2,2
DA:6,2
DA:7,2
DA:8,1
DA:10,1
LF:5
LH:5
BRDA:7,0,0,1
BRDA:7,0,1,1
BRF:2
BRH:2
end_of_record
TN:
SF:src\widgets\user\user-card.tsx
FN:16,(anonymous_0)
FN:22,(anonymous_1)
FNF:2
FNH:1
FNDA:3,(anonymous_0)
FNDA:0,(anonymous_1)
DA:16,1
DA:17,3
DA:18,0
DA:23,0
DA:37,3
LF:5
LH:3
BRDA:17,0,0,0
BRDA:17,0,1,3
BRF:2
BRH:1
end_of_record
